{"/Users/marcus/berget-monorepo/cli/src/client.ts": {"path":"/Users/marcus/berget-monorepo/cli/src/client.ts","statementMap":{"0":{"start":{"line":12,"column":8},"end":{"line":12,"column":null}},"1":{"start":{"line":13,"column":8},"end":{"line":19,"column":null}},"2":{"start":{"line":21,"column":21},"end":{"line":21,"column":null}},"3":{"start":{"line":23,"column":2},"end":{"line":38,"column":null}},"4":{"start":{"line":26,"column":21},"end":{"line":26,"column":null}},"5":{"start":{"line":27,"column":8},"end":{"line":27,"column":null}},"6":{"start":{"line":30,"column":8},"end":{"line":35,"column":null}},"7":{"start":{"line":31,"column":32},"end":{"line":31,"column":null}},"8":{"start":{"line":32,"column":10},"end":{"line":32,"column":null}},"9":{"start":{"line":34,"column":10},"end":{"line":34,"column":null}},"10":{"start":{"line":40,"column":2},"end":{"line":40,"column":null}}},"fnMap":{"0":{"name":"createAuthenticatedClient","decl":{"start":{"line":11,"column":16},"end":{"line":11,"column":42}},"loc":{"start":{"line":11,"column":90},"end":{"line":41,"column":null}},"line":11},"1":{"name":"(anonymous_1)","decl":{"start":{"line":25,"column":16},"end":{"line":25,"column":28}},"loc":{"start":{"line":25,"column":28},"end":{"line":28,"column":null}},"line":25},"2":{"name":"(anonymous_2)","decl":{"start":{"line":29,"column":15},"end":{"line":29,"column":27}},"loc":{"start":{"line":29,"column":27},"end":{"line":36,"column":null}},"line":29}},"branchMap":{"0":{"loc":{"start":{"line":27,"column":15},"end":{"line":27,"column":null}},"type":"binary-expr","locations":[{"start":{"line":27,"column":15},"end":{"line":27,"column":37}},{"start":{"line":27,"column":37},"end":{"line":27,"column":null}}],"line":27}},"s":{"0":0,"1":0,"2":0,"3":0,"4":0,"5":0,"6":0,"7":0,"8":0,"9":0,"10":0},"f":{"0":0,"1":0,"2":0},"b":{"0":[0,0]},"meta":{"lastBranch":1,"lastFunction":3,"lastStatement":11,"seen":{"f:11:16:11:42":0,"s:12:8:12:Infinity":0,"s:13:8:19:Infinity":1,"s:21:21:21:Infinity":2,"s:23:2:38:Infinity":3,"f:25:16:25:28":1,"s:26:21:26:Infinity":4,"s:27:8:27:Infinity":5,"b:27:15:27:37:27:37:27:Infinity":0,"f:29:15:29:27":2,"s:30:8:35:Infinity":6,"s:31:32:31:Infinity":7,"s:32:10:32:Infinity":8,"s:34:10:34:Infinity":9,"s:40:2:40:Infinity":10}}}
,"/Users/marcus/berget-monorepo/cli/src/agents/app.ts": {"path":"/Users/marcus/berget-monorepo/cli/src/agents/app.ts","statementMap":{"0":{"start":{"line":3,"column":28},"end":{"line":27,"column":null}}},"fnMap":{},"branchMap":{},"s":{"0":1},"f":{},"b":{},"meta":{"lastBranch":0,"lastFunction":0,"lastStatement":1,"seen":{"s:3:28:27:Infinity":0}}}
,"/Users/marcus/berget-monorepo/cli/src/agents/backend.ts": {"path":"/Users/marcus/berget-monorepo/cli/src/agents/backend.ts","statementMap":{"0":{"start":{"line":3,"column":28},"end":{"line":24,"column":null}}},"fnMap":{},"branchMap":{},"s":{"0":1},"f":{},"b":{},"meta":{"lastBranch":0,"lastFunction":0,"lastStatement":1,"seen":{"s:3:28:24:Infinity":0}}}
,"/Users/marcus/berget-monorepo/cli/src/agents/devops.ts": {"path":"/Users/marcus/berget-monorepo/cli/src/agents/devops.ts","statementMap":{"0":{"start":{"line":3,"column":28},"end":{"line":33,"column":null}}},"fnMap":{},"branchMap":{},"s":{"0":1},"f":{},"b":{},"meta":{"lastBranch":0,"lastFunction":0,"lastStatement":1,"seen":{"s:3:28:33:Infinity":0}}}
,"/Users/marcus/berget-monorepo/cli/src/agents/frontend.ts": {"path":"/Users/marcus/berget-monorepo/cli/src/agents/frontend.ts","statementMap":{"0":{"start":{"line":3,"column":28},"end":{"line":24,"column":null}}},"fnMap":{},"branchMap":{},"s":{"0":1},"f":{},"b":{},"meta":{"lastBranch":0,"lastFunction":0,"lastStatement":1,"seen":{"s:3:28:24:Infinity":0}}}
,"/Users/marcus/berget-monorepo/cli/src/agents/fullstack.ts": {"path":"/Users/marcus/berget-monorepo/cli/src/agents/fullstack.ts","statementMap":{"0":{"start":{"line":3,"column":28},"end":{"line":24,"column":null}}},"fnMap":{},"branchMap":{},"s":{"0":1},"f":{},"b":{},"meta":{"lastBranch":0,"lastFunction":0,"lastStatement":1,"seen":{"s:3:28:24:Infinity":0}}}
,"/Users/marcus/berget-monorepo/cli/src/agents/index.ts": {"path":"/Users/marcus/berget-monorepo/cli/src/agents/index.ts","statementMap":{"0":{"start":{"line":11,"column":38},"end":{"line":19,"column":null}},"1":{"start":{"line":24,"column":2},"end":{"line":24,"column":null}},"2":{"start":{"line":28,"column":2},"end":{"line":28,"column":null}},"3":{"start":{"line":36,"column":2},"end":{"line":40,"column":null}},"4":{"start":{"line":44,"column":35},"end":{"line":44,"column":null}},"5":{"start":{"line":45,"column":20},"end":{"line":45,"column":null}},"6":{"start":{"line":47,"column":2},"end":{"line":49,"column":null}},"7":{"start":{"line":48,"column":4},"end":{"line":48,"column":null}},"8":{"start":{"line":51,"column":2},"end":{"line":53,"column":null}},"9":{"start":{"line":52,"column":4},"end":{"line":52,"column":null}},"10":{"start":{"line":55,"column":2},"end":{"line":57,"column":null}},"11":{"start":{"line":56,"column":4},"end":{"line":56,"column":null}},"12":{"start":{"line":59,"column":2},"end":{"line":64,"column":null}},"13":{"start":{"line":60,"column":4},"end":{"line":60,"column":null}},"14":{"start":{"line":61,"column":4},"end":{"line":63,"column":null}},"15":{"start":{"line":62,"column":6},"end":{"line":62,"column":null}},"16":{"start":{"line":66,"column":2},"end":{"line":66,"column":null}},"17":{"start":{"line":70,"column":2},"end":{"line":70,"column":null}}},"fnMap":{"0":{"name":"getAgent","decl":{"start":{"line":23,"column":16},"end":{"line":23,"column":25}},"loc":{"start":{"line":23,"column":58},"end":{"line":25,"column":null}},"line":23},"1":{"name":"getAllAgents","decl":{"start":{"line":27,"column":16},"end":{"line":27,"column":40}},"loc":{"start":{"line":27,"column":40},"end":{"line":29,"column":null}},"line":27},"2":{"name":"toAgentTemplate","decl":{"start":{"line":31,"column":16},"end":{"line":31,"column":32}},"loc":{"start":{"line":35,"column":2},"end":{"line":41,"column":null}},"line":35},"3":{"name":"toMarkdown","decl":{"start":{"line":43,"column":16},"end":{"line":43,"column":27}},"loc":{"start":{"line":43,"column":49},"end":{"line":67,"column":null}},"line":43},"4":{"name":"toPiPrompt","decl":{"start":{"line":69,"column":16},"end":{"line":69,"column":27}},"loc":{"start":{"line":69,"column":49},"end":{"line":71,"column":null}},"line":69}},"branchMap":{"0":{"loc":{"start":{"line":47,"column":2},"end":{"line":49,"column":null}},"type":"if","locations":[{"start":{"line":47,"column":2},"end":{"line":49,"column":null}},{"start":{},"end":{}}],"line":47},"1":{"loc":{"start":{"line":51,"column":2},"end":{"line":53,"column":null}},"type":"if","locations":[{"start":{"line":51,"column":2},"end":{"line":53,"column":null}},{"start":{},"end":{}}],"line":51},"2":{"loc":{"start":{"line":55,"column":2},"end":{"line":57,"column":null}},"type":"if","locations":[{"start":{"line":55,"column":2},"end":{"line":57,"column":null}},{"start":{},"end":{}}],"line":55},"3":{"loc":{"start":{"line":59,"column":2},"end":{"line":64,"column":null}},"type":"if","locations":[{"start":{"line":59,"column":2},"end":{"line":64,"column":null}},{"start":{},"end":{}}],"line":59}},"s":{"0":1,"1":0,"2":28,"3":0,"4":7,"5":7,"6":7,"7":7,"8":7,"9":0,"10":7,"11":0,"12":7,"13":0,"14":0,"15":0,"16":7,"17":8},"f":{"0":0,"1":28,"2":0,"3":7,"4":8},"b":{"0":[7,0],"1":[0,7],"2":[0,7],"3":[0,7]},"meta":{"lastBranch":4,"lastFunction":5,"lastStatement":18,"seen":{"s:11:38:19:Infinity":0,"f:23:16:23:25":0,"s:24:2:24:Infinity":1,"f:27:16:27:40":1,"s:28:2:28:Infinity":2,"f:31:16:31:32":2,"s:36:2:40:Infinity":3,"f:43:16:43:27":3,"s:44:35:44:Infinity":4,"s:45:20:45:Infinity":5,"b:47:2:49:Infinity:undefined:undefined:undefined:undefined":0,"s:47:2:49:Infinity":6,"s:48:4:48:Infinity":7,"b:51:2:53:Infinity:undefined:undefined:undefined:undefined":1,"s:51:2:53:Infinity":8,"s:52:4:52:Infinity":9,"b:55:2:57:Infinity:undefined:undefined:undefined:undefined":2,"s:55:2:57:Infinity":10,"s:56:4:56:Infinity":11,"b:59:2:64:Infinity:undefined:undefined:undefined:undefined":3,"s:59:2:64:Infinity":12,"s:60:4:60:Infinity":13,"s:61:4:63:Infinity":14,"s:62:6:62:Infinity":15,"s:66:2:66:Infinity":16,"f:69:16:69:27":4,"s:70:2:70:Infinity":17}}}
,"/Users/marcus/berget-monorepo/cli/src/agents/quality.ts": {"path":"/Users/marcus/berget-monorepo/cli/src/agents/quality.ts","statementMap":{"0":{"start":{"line":3,"column":28},"end":{"line":69,"column":null}}},"fnMap":{},"branchMap":{},"s":{"0":1},"f":{},"b":{},"meta":{"lastBranch":0,"lastFunction":0,"lastStatement":1,"seen":{"s:3:28:69:Infinity":0}}}
,"/Users/marcus/berget-monorepo/cli/src/agents/security.ts": {"path":"/Users/marcus/berget-monorepo/cli/src/agents/security.ts","statementMap":{"0":{"start":{"line":3,"column":28},"end":{"line":26,"column":null}}},"fnMap":{},"branchMap":{},"s":{"0":1},"f":{},"b":{},"meta":{"lastBranch":0,"lastFunction":0,"lastStatement":1,"seen":{"s:3:28:26:Infinity":0}}}
,"/Users/marcus/berget-monorepo/cli/src/auth/config.ts": {"path":"/Users/marcus/berget-monorepo/cli/src/auth/config.ts","statementMap":{"0":{"start":{"line":5,"column":2},"end":{"line":13,"column":null}},"1":{"start":{"line":6,"column":23},"end":{"line":6,"column":null}},"2":{"start":{"line":7,"column":4},"end":{"line":12,"column":null}},"3":{"start":{"line":19,"column":2},"end":{"line":36,"column":null}},"4":{"start":{"line":20,"column":4},"end":{"line":20,"column":null}},"5":{"start":{"line":22,"column":4},"end":{"line":26,"column":null}},"6":{"start":{"line":23,"column":6},"end":{"line":23,"column":null}},"7":{"start":{"line":25,"column":6},"end":{"line":25,"column":null}},"8":{"start":{"line":27,"column":9},"end":{"line":36,"column":null}},"9":{"start":{"line":28,"column":4},"end":{"line":28,"column":null}},"10":{"start":{"line":29,"column":4},"end":{"line":29,"column":null}},"11":{"start":{"line":30,"column":9},"end":{"line":36,"column":null}},"12":{"start":{"line":31,"column":4},"end":{"line":31,"column":null}},"13":{"start":{"line":32,"column":4},"end":{"line":32,"column":null}},"14":{"start":{"line":34,"column":4},"end":{"line":34,"column":null}},"15":{"start":{"line":35,"column":4},"end":{"line":35,"column":null}},"16":{"start":{"line":38,"column":2},"end":{"line":43,"column":null}}},"fnMap":{"0":{"name":"getAuthConfig","decl":{"start":{"line":3,"column":16},"end":{"line":3,"column":30}},"loc":{"start":{"line":3,"column":90},"end":{"line":44,"column":null}},"line":3}},"branchMap":{"0":{"loc":{"start":{"line":5,"column":2},"end":{"line":13,"column":null}},"type":"if","locations":[{"start":{"line":5,"column":2},"end":{"line":13,"column":null}},{"start":{},"end":{}}],"line":5},"1":{"loc":{"start":{"line":6,"column":23},"end":{"line":6,"column":null}},"type":"binary-expr","locations":[{"start":{"line":6,"column":23},"end":{"line":6,"column":53}},{"start":{"line":6,"column":53},"end":{"line":6,"column":null}}],"line":6},"2":{"loc":{"start":{"line":19,"column":2},"end":{"line":36,"column":null}},"type":"if","locations":[{"start":{"line":19,"column":2},"end":{"line":36,"column":null}},{"start":{"line":27,"column":9},"end":{"line":36,"column":null}}],"line":19},"3":{"loc":{"start":{"line":22,"column":4},"end":{"line":26,"column":null}},"type":"if","locations":[{"start":{"line":22,"column":4},"end":{"line":26,"column":null}},{"start":{"line":24,"column":11},"end":{"line":26,"column":null}}],"line":22},"4":{"loc":{"start":{"line":22,"column":8},"end":{"line":22,"column":75}},"type":"binary-expr","locations":[{"start":{"line":22,"column":8},"end":{"line":22,"column":44}},{"start":{"line":22,"column":44},"end":{"line":22,"column":75}}],"line":22},"5":{"loc":{"start":{"line":27,"column":9},"end":{"line":36,"column":null}},"type":"if","locations":[{"start":{"line":27,"column":9},"end":{"line":36,"column":null}},{"start":{"line":30,"column":9},"end":{"line":36,"column":null}}],"line":27},"6":{"loc":{"start":{"line":30,"column":9},"end":{"line":36,"column":null}},"type":"if","locations":[{"start":{"line":30,"column":9},"end":{"line":36,"column":null}},{"start":{"line":33,"column":9},"end":{"line":36,"column":null}}],"line":30}},"s":{"0":0,"1":0,"2":0,"3":0,"4":0,"5":0,"6":0,"7":0,"8":0,"9":0,"10":0,"11":0,"12":0,"13":0,"14":0,"15":0,"16":0},"f":{"0":0},"b":{"0":[0,0],"1":[0,0],"2":[0,0],"3":[0,0],"4":[0,0],"5":[0,0],"6":[0,0]},"meta":{"lastBranch":7,"lastFunction":1,"lastStatement":17,"seen":{"f:3:16:3:30":0,"b:5:2:13:Infinity:undefined:undefined:undefined:undefined":0,"s:5:2:13:Infinity":0,"s:6:23:6:Infinity":1,"b:6:23:6:53:6:53:6:Infinity":1,"s:7:4:12:Infinity":2,"b:19:2:36:Infinity:27:9:36:Infinity":2,"s:19:2:36:Infinity":3,"s:20:4:20:Infinity":4,"b:22:4:26:Infinity:24:11:26:Infinity":3,"s:22:4:26:Infinity":5,"b:22:8:22:44:22:44:22:75":4,"s:23:6:23:Infinity":6,"s:25:6:25:Infinity":7,"b:27:9:36:Infinity:30:9:36:Infinity":5,"s:27:9:36:Infinity":8,"s:28:4:28:Infinity":9,"s:29:4:29:Infinity":10,"b:30:9:36:Infinity:33:9:36:Infinity":6,"s:30:9:36:Infinity":11,"s:31:4:31:Infinity":12,"s:32:4:32:Infinity":13,"s:34:4:34:Infinity":14,"s:35:4:35:Infinity":15,"s:38:2:43:Infinity":16}}}
,"/Users/marcus/berget-monorepo/cli/src/auth/issuer.ts": {"path":"/Users/marcus/berget-monorepo/cli/src/auth/issuer.ts","statementMap":{"0":{"start":{"line":13,"column":14},"end":{"line":13,"column":null}},"1":{"start":{"line":16,"column":2},"end":{"line":16,"column":null}},"2":{"start":{"line":20,"column":20},"end":{"line":20,"column":null}},"3":{"start":{"line":22,"column":17},"end":{"line":22,"column":null}},"4":{"start":{"line":23,"column":2},"end":{"line":23,"column":null}},"5":{"start":{"line":23,"column":14},"end":{"line":23,"column":null}},"6":{"start":{"line":25,"column":24},"end":{"line":30,"column":null}},"7":{"start":{"line":32,"column":2},"end":{"line":32,"column":null}},"8":{"start":{"line":33,"column":2},"end":{"line":33,"column":null}}},"fnMap":{"0":{"name":"clearConfigurationCache","decl":{"start":{"line":15,"column":16},"end":{"line":15,"column":48}},"loc":{"start":{"line":15,"column":48},"end":{"line":17,"column":null}},"line":15},"1":{"name":"getConfiguration","decl":{"start":{"line":19,"column":22},"end":{"line":19,"column":39}},"loc":{"start":{"line":19,"column":83},"end":{"line":34,"column":null}},"line":19}},"branchMap":{"0":{"loc":{"start":{"line":23,"column":2},"end":{"line":23,"column":null}},"type":"if","locations":[{"start":{"line":23,"column":2},"end":{"line":23,"column":null}},{"start":{},"end":{}}],"line":23}},"s":{"0":1,"1":0,"2":0,"3":0,"4":0,"5":0,"6":0,"7":0,"8":0},"f":{"0":0,"1":0},"b":{"0":[0,0]},"meta":{"lastBranch":1,"lastFunction":2,"lastStatement":9,"seen":{"s:13:14:13:Infinity":0,"f:15:16:15:48":0,"s:16:2:16:Infinity":1,"f:19:22:19:39":1,"s:20:20:20:Infinity":2,"s:22:17:22:Infinity":3,"b:23:2:23:Infinity:undefined:undefined:undefined:undefined":0,"s:23:2:23:Infinity":4,"s:23:14:23:Infinity":5,"s:25:24:30:Infinity":6,"s:32:2:32:Infinity":7,"s:33:2:33:Infinity":8}}}
,"/Users/marcus/berget-monorepo/cli/src/auth/jwt.ts": {"path":"/Users/marcus/berget-monorepo/cli/src/auth/jwt.ts","statementMap":{"0":{"start":{"line":7,"column":2},"end":{"line":7,"column":null}},"1":{"start":{"line":16,"column":18},"end":{"line":16,"column":null}},"2":{"start":{"line":17,"column":2},"end":{"line":19,"column":null}},"3":{"start":{"line":18,"column":4},"end":{"line":18,"column":null}},"4":{"start":{"line":20,"column":2},"end":{"line":20,"column":null}},"5":{"start":{"line":29,"column":18},"end":{"line":29,"column":null}},"6":{"start":{"line":30,"column":2},"end":{"line":30,"column":null}},"7":{"start":{"line":30,"column":16},"end":{"line":30,"column":null}},"8":{"start":{"line":31,"column":22},"end":{"line":31,"column":null}},"9":{"start":{"line":32,"column":2},"end":{"line":32,"column":null}},"10":{"start":{"line":32,"column":20},"end":{"line":32,"column":null}},"11":{"start":{"line":33,"column":16},"end":{"line":33,"column":null}},"12":{"start":{"line":34,"column":2},"end":{"line":34,"column":null}},"13":{"start":{"line":34,"column":29},"end":{"line":34,"column":null}},"14":{"start":{"line":35,"column":2},"end":{"line":35,"column":null}},"15":{"start":{"line":45,"column":14},"end":{"line":45,"column":null}},"16":{"start":{"line":46,"column":26},"end":{"line":46,"column":null}},"17":{"start":{"line":47,"column":17},"end":{"line":47,"column":null}},"18":{"start":{"line":48,"column":2},"end":{"line":48,"column":null}},"19":{"start":{"line":55,"column":2},"end":{"line":62,"column":null}},"20":{"start":{"line":56,"column":18},"end":{"line":56,"column":null}},"21":{"start":{"line":57,"column":4},"end":{"line":57,"column":null}},"22":{"start":{"line":57,"column":28},"end":{"line":57,"column":null}},"23":{"start":{"line":58,"column":20},"end":{"line":58,"column":null}},"24":{"start":{"line":59,"column":4},"end":{"line":59,"column":null}},"25":{"start":{"line":61,"column":4},"end":{"line":61,"column":null}}},"fnMap":{"0":{"name":"decodeJwtPayload","decl":{"start":{"line":6,"column":16},"end":{"line":6,"column":33}},"loc":{"start":{"line":6,"column":64},"end":{"line":8,"column":null}},"line":6},"1":{"name":"extractJwtExpiresAt","decl":{"start":{"line":15,"column":16},"end":{"line":15,"column":36}},"loc":{"start":{"line":15,"column":65},"end":{"line":21,"column":null}},"line":15},"2":{"name":"hasBergetCodeSeat","decl":{"start":{"line":28,"column":16},"end":{"line":28,"column":34}},"loc":{"start":{"line":28,"column":64},"end":{"line":36,"column":null}},"line":28},"3":{"name":"isTokenExpired","decl":{"start":{"line":44,"column":16},"end":{"line":44,"column":31}},"loc":{"start":{"line":44,"column":59},"end":{"line":49,"column":null}},"line":44},"4":{"name":"parseJwtBody","decl":{"start":{"line":54,"column":9},"end":{"line":54,"column":22}},"loc":{"start":{"line":54,"column":69},"end":{"line":63,"column":null}},"line":54}},"branchMap":{"0":{"loc":{"start":{"line":17,"column":2},"end":{"line":19,"column":null}},"type":"if","locations":[{"start":{"line":17,"column":2},"end":{"line":19,"column":null}},{"start":{},"end":{}}],"line":17},"1":{"loc":{"start":{"line":17,"column":6},"end":{"line":17,"column":50}},"type":"binary-expr","locations":[{"start":{"line":17,"column":6},"end":{"line":17,"column":17}},{"start":{"line":17,"column":17},"end":{"line":17,"column":50}}],"line":17},"2":{"loc":{"start":{"line":30,"column":2},"end":{"line":30,"column":null}},"type":"if","locations":[{"start":{"line":30,"column":2},"end":{"line":30,"column":null}},{"start":{},"end":{}}],"line":30},"3":{"loc":{"start":{"line":32,"column":2},"end":{"line":32,"column":null}},"type":"if","locations":[{"start":{"line":32,"column":2},"end":{"line":32,"column":null}},{"start":{},"end":{}}],"line":32},"4":{"loc":{"start":{"line":34,"column":2},"end":{"line":34,"column":null}},"type":"if","locations":[{"start":{"line":34,"column":2},"end":{"line":34,"column":null}},{"start":{},"end":{}}],"line":34},"5":{"loc":{"start":{"line":57,"column":4},"end":{"line":57,"column":null}},"type":"if","locations":[{"start":{"line":57,"column":4},"end":{"line":57,"column":null}},{"start":{},"end":{}}],"line":57}},"s":{"0":3,"1":5,"2":5,"3":5,"4":0,"5":3,"6":3,"7":0,"8":3,"9":3,"10":0,"11":3,"12":3,"13":0,"14":3,"15":2,"16":2,"17":2,"18":2,"19":11,"20":11,"21":11,"22":0,"23":11,"24":11,"25":0},"f":{"0":3,"1":5,"2":3,"3":2,"4":11},"b":{"0":[5,0],"1":[5,5],"2":[0,3],"3":[0,3],"4":[0,3],"5":[0,11]},"meta":{"lastBranch":6,"lastFunction":5,"lastStatement":26,"seen":{"f:6:16:6:33":0,"s:7:2:7:Infinity":0,"f:15:16:15:36":1,"s:16:18:16:Infinity":1,"b:17:2:19:Infinity:undefined:undefined:undefined:undefined":0,"s:17:2:19:Infinity":2,"b:17:6:17:17:17:17:17:50":1,"s:18:4:18:Infinity":3,"s:20:2:20:Infinity":4,"f:28:16:28:34":2,"s:29:18:29:Infinity":5,"b:30:2:30:Infinity:undefined:undefined:undefined:undefined":2,"s:30:2:30:Infinity":6,"s:30:16:30:Infinity":7,"s:31:22:31:Infinity":8,"b:32:2:32:Infinity:undefined:undefined:undefined:undefined":3,"s:32:2:32:Infinity":9,"s:32:20:32:Infinity":10,"s:33:16:33:Infinity":11,"b:34:2:34:Infinity:undefined:undefined:undefined:undefined":4,"s:34:2:34:Infinity":12,"s:34:29:34:Infinity":13,"s:35:2:35:Infinity":14,"f:44:16:44:31":3,"s:45:14:45:Infinity":15,"s:46:26:46:Infinity":16,"s:47:17:47:Infinity":17,"s:48:2:48:Infinity":18,"f:54:9:54:22":4,"s:55:2:62:Infinity":19,"s:56:18:56:Infinity":20,"b:57:4:57:Infinity:undefined:undefined:undefined:undefined":5,"s:57:4:57:Infinity":21,"s:57:28:57:Infinity":22,"s:58:20:58:Infinity":23,"s:59:4:59:Infinity":24,"s:61:4:61:Infinity":25}}}
,"/Users/marcus/berget-monorepo/cli/src/auth/middleware/auth-middleware.ts": {"path":"/Users/marcus/berget-monorepo/cli/src/auth/middleware/auth-middleware.ts","statementMap":{"0":{"start":{"line":10,"column":4},"end":{"line":15,"column":null}},"1":{"start":{"line":12,"column":20},"end":{"line":12,"column":null}},"2":{"start":{"line":13,"column":19},"end":{"line":13,"column":null}},"3":{"start":{"line":14,"column":6},"end":{"line":14,"column":null}},"4":{"start":{"line":17,"column":2},"end":{"line":38,"column":null}},"5":{"start":{"line":19,"column":20},"end":{"line":19,"column":null}},"6":{"start":{"line":20,"column":6},"end":{"line":22,"column":null}},"7":{"start":{"line":21,"column":8},"end":{"line":21,"column":null}},"8":{"start":{"line":23,"column":6},"end":{"line":23,"column":null}},"9":{"start":{"line":26,"column":6},"end":{"line":35,"column":null}},"10":{"start":{"line":27,"column":19},"end":{"line":27,"column":null}},"11":{"start":{"line":28,"column":8},"end":{"line":34,"column":null}},"12":{"start":{"line":29,"column":27},"end":{"line":29,"column":null}},"13":{"start":{"line":30,"column":10},"end":{"line":33,"column":null}},"14":{"start":{"line":31,"column":12},"end":{"line":31,"column":null}},"15":{"start":{"line":32,"column":12},"end":{"line":32,"column":null}},"16":{"start":{"line":36,"column":6},"end":{"line":36,"column":null}}},"fnMap":{"0":{"name":"authMiddleware","decl":{"start":{"line":5,"column":16},"end":{"line":5,"column":31}},"loc":{"start":{"line":8,"column":15},"end":{"line":39,"column":null}},"line":8},"1":{"name":"(anonymous_1)","decl":{"start":{"line":11,"column":5},"end":{"line":11,"column":17}},"loc":{"start":{"line":11,"column":17},"end":{"line":15,"column":null}},"line":11},"2":{"name":"onRequest","decl":{"start":{"line":18,"column":10},"end":{"line":18,"column":20}},"loc":{"start":{"line":18,"column":25},"end":{"line":24,"column":null}},"line":18},"3":{"name":"onResponse","decl":{"start":{"line":25,"column":10},"end":{"line":25,"column":21}},"loc":{"start":{"line":25,"column":41},"end":{"line":37,"column":null}},"line":25}},"branchMap":{"0":{"loc":{"start":{"line":10,"column":4},"end":{"line":15,"column":null}},"type":"binary-expr","locations":[{"start":{"line":10,"column":4},"end":{"line":10,"column":null}},{"start":{"line":11,"column":5},"end":{"line":15,"column":null}}],"line":10},"1":{"loc":{"start":{"line":14,"column":13},"end":{"line":14,"column":null}},"type":"binary-expr","locations":[{"start":{"line":14,"column":13},"end":{"line":14,"column":35}},{"start":{"line":14,"column":35},"end":{"line":14,"column":null}}],"line":14},"2":{"loc":{"start":{"line":20,"column":6},"end":{"line":22,"column":null}},"type":"if","locations":[{"start":{"line":20,"column":6},"end":{"line":22,"column":null}},{"start":{},"end":{}}],"line":20},"3":{"loc":{"start":{"line":20,"column":10},"end":{"line":20,"column":54}},"type":"binary-expr","locations":[{"start":{"line":20,"column":10},"end":{"line":20,"column":19}},{"start":{"line":20,"column":19},"end":{"line":20,"column":54}}],"line":20},"4":{"loc":{"start":{"line":26,"column":6},"end":{"line":35,"column":null}},"type":"if","locations":[{"start":{"line":26,"column":6},"end":{"line":35,"column":null}},{"start":{},"end":{}}],"line":26},"5":{"loc":{"start":{"line":26,"column":10},"end":{"line":26,"column":49}},"type":"binary-expr","locations":[{"start":{"line":26,"column":10},"end":{"line":26,"column":32}},{"start":{"line":26,"column":32},"end":{"line":26,"column":49}}],"line":26},"6":{"loc":{"start":{"line":28,"column":8},"end":{"line":34,"column":null}},"type":"if","locations":[{"start":{"line":28,"column":8},"end":{"line":34,"column":null}},{"start":{},"end":{}}],"line":28},"7":{"loc":{"start":{"line":30,"column":10},"end":{"line":33,"column":null}},"type":"if","locations":[{"start":{"line":30,"column":10},"end":{"line":33,"column":null}},{"start":{},"end":{}}],"line":30}},"s":{"0":0,"1":0,"2":0,"3":0,"4":0,"5":0,"6":0,"7":0,"8":0,"9":0,"10":0,"11":0,"12":0,"13":0,"14":0,"15":0,"16":0},"f":{"0":0,"1":0,"2":0,"3":0},"b":{"0":[0,0],"1":[0,0],"2":[0,0],"3":[0,0],"4":[0,0],"5":[0,0],"6":[0,0],"7":[0,0]},"meta":{"lastBranch":8,"lastFunction":4,"lastStatement":17,"seen":{"f:5:16:5:31":0,"s:10:4:15:Infinity":0,"b:10:4:10:Infinity:11:5:15:Infinity":0,"f:11:5:11:17":1,"s:12:20:12:Infinity":1,"s:13:19:13:Infinity":2,"s:14:6:14:Infinity":3,"b:14:13:14:35:14:35:14:Infinity":1,"s:17:2:38:Infinity":4,"f:18:10:18:20":2,"s:19:20:19:Infinity":5,"b:20:6:22:Infinity:undefined:undefined:undefined:undefined":2,"s:20:6:22:Infinity":6,"b:20:10:20:19:20:19:20:54":3,"s:21:8:21:Infinity":7,"s:23:6:23:Infinity":8,"f:25:10:25:21":3,"b:26:6:35:Infinity:undefined:undefined:undefined:undefined":4,"s:26:6:35:Infinity":9,"b:26:10:26:32:26:32:26:49":5,"s:27:19:27:Infinity":10,"b:28:8:34:Infinity:undefined:undefined:undefined:undefined":6,"s:28:8:34:Infinity":11,"s:29:27:29:Infinity":12,"b:30:10:33:Infinity:undefined:undefined:undefined:undefined":7,"s:30:10:33:Infinity":13,"s:31:12:31:Infinity":14,"s:32:12:32:Infinity":15,"s:36:6:36:Infinity":16}}}
,"/Users/marcus/berget-monorepo/cli/src/auth/oauth/callback-pages.ts": {"path":"/Users/marcus/berget-monorepo/cli/src/auth/oauth/callback-pages.ts","statementMap":{"0":{"start":{"line":7,"column":20},"end":{"line":7,"column":null}},"1":{"start":{"line":8,"column":22},"end":{"line":8,"column":null}},"2":{"start":{"line":9,"column":2},"end":{"line":57,"column":null}},"3":{"start":{"line":65,"column":2},"end":{"line":65,"column":null}},"4":{"start":{"line":123,"column":2},"end":{"line":128,"column":null}}},"fnMap":{"0":{"name":"getErrorPage","decl":{"start":{"line":6,"column":16},"end":{"line":6,"column":29}},"loc":{"start":{"line":6,"column":69},"end":{"line":62,"column":null}},"line":6},"1":{"name":"getSuccessPage","decl":{"start":{"line":64,"column":16},"end":{"line":64,"column":41}},"loc":{"start":{"line":64,"column":41},"end":{"line":117,"column":null}},"line":64},"2":{"name":"escapeHtml","decl":{"start":{"line":122,"column":9},"end":{"line":122,"column":20}},"loc":{"start":{"line":122,"column":42},"end":{"line":129,"column":null}},"line":122}},"branchMap":{},"s":{"0":0,"1":0,"2":0,"3":0,"4":0},"f":{"0":0,"1":0,"2":0},"b":{},"meta":{"lastBranch":0,"lastFunction":3,"lastStatement":5,"seen":{"f:6:16:6:29":0,"s:7:20:7:Infinity":0,"s:8:22:8:Infinity":1,"s:9:2:57:Infinity":2,"f:64:16:64:41":1,"s:65:2:65:Infinity":3,"f:122:9:122:20":2,"s:123:2:128:Infinity":4}}}
,"/Users/marcus/berget-monorepo/cli/src/auth/oauth/pkce-flow.ts": {"path":"/Users/marcus/berget-monorepo/cli/src/auth/oauth/pkce-flow.ts","statementMap":{"0":{"start":{"line":18,"column":31},"end":{"line":18,"column":null}},"1":{"start":{"line":19,"column":24},"end":{"line":19,"column":null}},"2":{"start":{"line":37,"column":6},"end":{"line":37,"column":null}},"3":{"start":{"line":38,"column":16},"end":{"line":38,"column":null}},"4":{"start":{"line":40,"column":8},"end":{"line":40,"column":null}},"5":{"start":{"line":41,"column":24},"end":{"line":41,"column":null}},"6":{"start":{"line":42,"column":16},"end":{"line":42,"column":null}},"7":{"start":{"line":44,"column":2},"end":{"line":208,"column":null}},"8":{"start":{"line":45,"column":29},"end":{"line":45,"column":null}},"9":{"start":{"line":46,"column":24},"end":{"line":46,"column":null}},"10":{"start":{"line":48,"column":4},"end":{"line":50,"column":null}},"11":{"start":{"line":49,"column":6},"end":{"line":49,"column":null}},"12":{"start":{"line":53,"column":10},"end":{"line":59,"column":null}},"13":{"start":{"line":61,"column":4},"end":{"line":63,"column":null}},"14":{"start":{"line":62,"column":6},"end":{"line":62,"column":null}},"15":{"start":{"line":66,"column":23},"end":{"line":160,"column":null}},"16":{"start":{"line":72,"column":21},"end":{"line":72,"column":null}},"17":{"start":{"line":73,"column":22},"end":{"line":73,"column":null}},"18":{"start":{"line":75,"column":12},"end":{"line":90,"column":null}},"19":{"start":{"line":81,"column":8},"end":{"line":81,"column":null}},"20":{"start":{"line":81,"column":22},"end":{"line":81,"column":null}},"21":{"start":{"line":82,"column":8},"end":{"line":82,"column":null}},"22":{"start":{"line":83,"column":8},"end":{"line":83,"column":null}},"23":{"start":{"line":84,"column":8},"end":{"line":84,"column":null}},"24":{"start":{"line":85,"column":8},"end":{"line":87,"column":null}},"25":{"start":{"line":86,"column":10},"end":{"line":86,"column":null}},"26":{"start":{"line":88,"column":8},"end":{"line":88,"column":null}},"27":{"start":{"line":89,"column":8},"end":{"line":89,"column":null}},"28":{"start":{"line":92,"column":6},"end":{"line":138,"column":null}},"29":{"start":{"line":93,"column":27},"end":{"line":93,"column":null}},"30":{"start":{"line":95,"column":8},"end":{"line":99,"column":null}},"31":{"start":{"line":96,"column":10},"end":{"line":96,"column":null}},"32":{"start":{"line":97,"column":10},"end":{"line":97,"column":null}},"33":{"start":{"line":98,"column":10},"end":{"line":98,"column":null}},"34":{"start":{"line":101,"column":30},"end":{"line":101,"column":null}},"35":{"start":{"line":102,"column":21},"end":{"line":102,"column":null}},"36":{"start":{"line":103,"column":22},"end":{"line":103,"column":null}},"37":{"start":{"line":105,"column":8},"end":{"line":114,"column":null}},"38":{"start":{"line":106,"column":30},"end":{"line":106,"column":null}},"39":{"start":{"line":107,"column":10},"end":{"line":109,"column":null}},"40":{"start":{"line":108,"column":12},"end":{"line":108,"column":null}},"41":{"start":{"line":110,"column":10},"end":{"line":110,"column":null}},"42":{"start":{"line":111,"column":10},"end":{"line":111,"column":null}},"43":{"start":{"line":112,"column":10},"end":{"line":112,"column":null}},"44":{"start":{"line":113,"column":10},"end":{"line":113,"column":null}},"45":{"start":{"line":116,"column":8},"end":{"line":126,"column":null}},"46":{"start":{"line":117,"column":10},"end":{"line":119,"column":null}},"47":{"start":{"line":118,"column":12},"end":{"line":118,"column":null}},"48":{"start":{"line":120,"column":10},"end":{"line":120,"column":null}},"49":{"start":{"line":121,"column":10},"end":{"line":123,"column":null}},"50":{"start":{"line":124,"column":10},"end":{"line":124,"column":null}},"51":{"start":{"line":125,"column":10},"end":{"line":125,"column":null}},"52":{"start":{"line":128,"column":8},"end":{"line":133,"column":null}},"53":{"start":{"line":129,"column":10},"end":{"line":129,"column":null}},"54":{"start":{"line":130,"column":10},"end":{"line":130,"column":null}},"55":{"start":{"line":131,"column":10},"end":{"line":131,"column":null}},"56":{"start":{"line":132,"column":10},"end":{"line":132,"column":null}},"57":{"start":{"line":135,"column":8},"end":{"line":135,"column":null}},"58":{"start":{"line":136,"column":8},"end":{"line":136,"column":null}},"59":{"start":{"line":137,"column":8},"end":{"line":137,"column":null}},"60":{"start":{"line":140,"column":6},"end":{"line":143,"column":null}},"61":{"start":{"line":141,"column":8},"end":{"line":141,"column":null}},"62":{"start":{"line":142,"column":8},"end":{"line":142,"column":null}},"63":{"start":{"line":142,"column":33},"end":{"line":142,"column":55}},"64":{"start":{"line":145,"column":28},"end":{"line":148,"column":null}},"65":{"start":{"line":146,"column":14},"end":{"line":146,"column":null}},"66":{"start":{"line":151,"column":6},"end":{"line":159,"column":null}},"67":{"start":{"line":152,"column":8},"end":{"line":158,"column":null}},"68":{"start":{"line":153,"column":23},"end":{"line":153,"column":null}},"69":{"start":{"line":153,"column":65},"end":{"line":153,"column":null}},"70":{"start":{"line":154,"column":10},"end":{"line":154,"column":null}},"71":{"start":{"line":156,"column":10},"end":{"line":156,"column":null}},"72":{"start":{"line":157,"column":10},"end":{"line":157,"column":null}},"73":{"start":{"line":162,"column":4},"end":{"line":167,"column":null}},"74":{"start":{"line":163,"column":6},"end":{"line":166,"column":null}},"75":{"start":{"line":170,"column":24},"end":{"line":170,"column":null}},"76":{"start":{"line":172,"column":4},"end":{"line":175,"column":null}},"77":{"start":{"line":173,"column":6},"end":{"line":173,"column":null}},"78":{"start":{"line":174,"column":6},"end":{"line":174,"column":null}},"79":{"start":{"line":177,"column":4},"end":{"line":202,"column":null}},"80":{"start":{"line":178,"column":26},"end":{"line":181,"column":null}},"81":{"start":{"line":183,"column":6},"end":{"line":185,"column":null}},"82":{"start":{"line":184,"column":8},"end":{"line":184,"column":null}},"83":{"start":{"line":187,"column":6},"end":{"line":192,"column":null}},"84":{"start":{"line":194,"column":6},"end":{"line":200,"column":null}},"85":{"start":{"line":195,"column":8},"end":{"line":195,"column":null}},"86":{"start":{"line":196,"column":8},"end":{"line":199,"column":null}},"87":{"start":{"line":197,"column":10},"end":{"line":197,"column":null}},"88":{"start":{"line":198,"column":10},"end":{"line":198,"column":null}},"89":{"start":{"line":201,"column":6},"end":{"line":201,"column":null}},"90":{"start":{"line":204,"column":4},"end":{"line":207,"column":null}},"91":{"start":{"line":218,"column":2},"end":{"line":246,"column":null}},"92":{"start":{"line":222,"column":19},"end":{"line":222,"column":null}},"93":{"start":{"line":225,"column":6},"end":{"line":231,"column":null}},"94":{"start":{"line":226,"column":8},"end":{"line":230,"column":null}},"95":{"start":{"line":227,"column":10},"end":{"line":227,"column":null}},"96":{"start":{"line":227,"column":29},"end":{"line":227,"column":45}},"97":{"start":{"line":229,"column":10},"end":{"line":229,"column":null}},"98":{"start":{"line":233,"column":6},"end":{"line":240,"column":null}},"99":{"start":{"line":234,"column":24},"end":{"line":234,"column":null}},"100":{"start":{"line":235,"column":8},"end":{"line":239,"column":null}},"101":{"start":{"line":236,"column":10},"end":{"line":236,"column":null}},"102":{"start":{"line":238,"column":10},"end":{"line":238,"column":null}},"103":{"start":{"line":242,"column":6},"end":{"line":242,"column":null}},"104":{"start":{"line":245,"column":4},"end":{"line":245,"column":null}}},"fnMap":{"0":{"name":"startPkceFlow","decl":{"start":{"line":32,"column":22},"end":{"line":32,"column":36}},"loc":{"start":{"line":32,"column":90},"end":{"line":209,"column":null}},"line":32},"1":{"name":"(anonymous_1)","decl":{"start":{"line":66,"column":33},"end":{"line":66,"column":null}},"loc":{"start":{"line":71,"column":20},"end":{"line":160,"column":5}},"line":71},"2":{"name":"(anonymous_2)","decl":{"start":{"line":75,"column":12},"end":{"line":75,"column":27}},"loc":{"start":{"line":80,"column":12},"end":{"line":90,"column":null}},"line":80},"3":{"name":"(anonymous_3)","decl":{"start":{"line":92,"column":16},"end":{"line":92,"column":28}},"loc":{"start":{"line":92,"column":45},"end":{"line":138,"column":7}},"line":92},"4":{"name":"(anonymous_4)","decl":{"start":{"line":140,"column":16},"end":{"line":140,"column":31}},"loc":{"start":{"line":140,"column":54},"end":{"line":143,"column":7}},"line":140},"5":{"name":"(anonymous_5)","decl":{"start":{"line":142,"column":18},"end":{"line":142,"column":33}},"loc":{"start":{"line":142,"column":33},"end":{"line":142,"column":55}},"line":142},"6":{"name":"(anonymous_6)","decl":{"start":{"line":145,"column":28},"end":{"line":145,"column":null}},"loc":{"start":{"line":146,"column":14},"end":{"line":146,"column":null}},"line":146},"7":{"name":"(anonymous_7)","decl":{"start":{"line":151,"column":7},"end":{"line":151,"column":19}},"loc":{"start":{"line":151,"column":19},"end":{"line":159,"column":9}},"line":151},"8":{"name":"(anonymous_8)","decl":{"start":{"line":153,"column":65},"end":{"line":153,"column":null}},"loc":{"start":{"line":153,"column":65},"end":{"line":153,"column":null}},"line":153},"9":{"name":"startCallbackServer","decl":{"start":{"line":215,"column":9},"end":{"line":215,"column":null}},"loc":{"start":{"line":217,"column":50},"end":{"line":247,"column":null}},"line":217},"10":{"name":"(anonymous_10)","decl":{"start":{"line":218,"column":13},"end":{"line":218,"column":22}},"loc":{"start":{"line":218,"column":42},"end":{"line":246,"column":3}},"line":218},"11":{"name":"attemptListen","decl":{"start":{"line":224,"column":13},"end":{"line":224,"column":27}},"loc":{"start":{"line":224,"column":41},"end":{"line":243,"column":null}},"line":224},"12":{"name":"(anonymous_12)","decl":{"start":{"line":225,"column":18},"end":{"line":225,"column":28}},"loc":{"start":{"line":225,"column":61},"end":{"line":231,"column":7}},"line":225},"13":{"name":"(anonymous_13)","decl":{"start":{"line":227,"column":17},"end":{"line":227,"column":29}},"loc":{"start":{"line":227,"column":29},"end":{"line":227,"column":45}},"line":227},"14":{"name":"(anonymous_14)","decl":{"start":{"line":233,"column":18},"end":{"line":233,"column":37}},"loc":{"start":{"line":233,"column":37},"end":{"line":240,"column":7}},"line":233}},"branchMap":{"0":{"loc":{"start":{"line":35,"column":18},"end":{"line":35,"column":null}},"type":"default-arg","locations":[{"start":{"line":35,"column":40},"end":{"line":35,"column":null}}],"line":35},"1":{"loc":{"start":{"line":38,"column":16},"end":{"line":38,"column":null}},"type":"binary-expr","locations":[{"start":{"line":38,"column":16},"end":{"line":38,"column":31}},{"start":{"line":38,"column":31},"end":{"line":38,"column":null}}],"line":38},"2":{"loc":{"start":{"line":48,"column":4},"end":{"line":50,"column":null}},"type":"if","locations":[{"start":{"line":48,"column":4},"end":{"line":50,"column":null}},{"start":{},"end":{}}],"line":48},"3":{"loc":{"start":{"line":61,"column":4},"end":{"line":63,"column":null}},"type":"if","locations":[{"start":{"line":61,"column":4},"end":{"line":63,"column":null}},{"start":{},"end":{}}],"line":61},"4":{"loc":{"start":{"line":81,"column":8},"end":{"line":81,"column":null}},"type":"if","locations":[{"start":{"line":81,"column":8},"end":{"line":81,"column":null}},{"start":{},"end":{}}],"line":81},"5":{"loc":{"start":{"line":93,"column":35},"end":{"line":93,"column":54}},"type":"binary-expr","locations":[{"start":{"line":93,"column":35},"end":{"line":93,"column":50}},{"start":{"line":93,"column":50},"end":{"line":93,"column":54}}],"line":93},"6":{"loc":{"start":{"line":95,"column":8},"end":{"line":99,"column":null}},"type":"if","locations":[{"start":{"line":95,"column":8},"end":{"line":99,"column":null}},{"start":{},"end":{}}],"line":95},"7":{"loc":{"start":{"line":101,"column":30},"end":{"line":101,"column":null}},"type":"binary-expr","locations":[{"start":{"line":101,"column":30},"end":{"line":101,"column":70}},{"start":{"line":101,"column":70},"end":{"line":101,"column":null}}],"line":101},"8":{"loc":{"start":{"line":102,"column":21},"end":{"line":102,"column":null}},"type":"binary-expr","locations":[{"start":{"line":102,"column":21},"end":{"line":102,"column":60}},{"start":{"line":102,"column":60},"end":{"line":102,"column":null}}],"line":102},"9":{"loc":{"start":{"line":103,"column":22},"end":{"line":103,"column":null}},"type":"binary-expr","locations":[{"start":{"line":103,"column":22},"end":{"line":103,"column":62}},{"start":{"line":103,"column":62},"end":{"line":103,"column":null}}],"line":103},"10":{"loc":{"start":{"line":105,"column":8},"end":{"line":114,"column":null}},"type":"if","locations":[{"start":{"line":105,"column":8},"end":{"line":114,"column":null}},{"start":{},"end":{}}],"line":105},"11":{"loc":{"start":{"line":106,"column":30},"end":{"line":106,"column":null}},"type":"binary-expr","locations":[{"start":{"line":106,"column":30},"end":{"line":106,"column":82}},{"start":{"line":106,"column":82},"end":{"line":106,"column":null}}],"line":106},"12":{"loc":{"start":{"line":107,"column":10},"end":{"line":109,"column":null}},"type":"if","locations":[{"start":{"line":107,"column":10},"end":{"line":109,"column":null}},{"start":{},"end":{}}],"line":107},"13":{"loc":{"start":{"line":116,"column":8},"end":{"line":126,"column":null}},"type":"if","locations":[{"start":{"line":116,"column":8},"end":{"line":126,"column":null}},{"start":{},"end":{}}],"line":116},"14":{"loc":{"start":{"line":117,"column":10},"end":{"line":119,"column":null}},"type":"if","locations":[{"start":{"line":117,"column":10},"end":{"line":119,"column":null}},{"start":{},"end":{}}],"line":117},"15":{"loc":{"start":{"line":128,"column":8},"end":{"line":133,"column":null}},"type":"if","locations":[{"start":{"line":128,"column":8},"end":{"line":133,"column":null}},{"start":{},"end":{}}],"line":128},"16":{"loc":{"start":{"line":162,"column":4},"end":{"line":167,"column":null}},"type":"if","locations":[{"start":{"line":162,"column":4},"end":{"line":167,"column":null}},{"start":{},"end":{}}],"line":162},"17":{"loc":{"start":{"line":162,"column":8},"end":{"line":162,"column":76}},"type":"binary-expr","locations":[{"start":{"line":162,"column":8},"end":{"line":162,"column":31}},{"start":{"line":162,"column":31},"end":{"line":162,"column":51}},{"start":{"line":162,"column":51},"end":{"line":162,"column":76}}],"line":162},"18":{"loc":{"start":{"line":164,"column":15},"end":{"line":164,"column":null}},"type":"binary-expr","locations":[{"start":{"line":164,"column":15},"end":{"line":164,"column":35}},{"start":{"line":164,"column":35},"end":{"line":164,"column":null}}],"line":164},"19":{"loc":{"start":{"line":172,"column":4},"end":{"line":175,"column":null}},"type":"if","locations":[{"start":{"line":172,"column":4},"end":{"line":175,"column":null}},{"start":{},"end":{}}],"line":172},"20":{"loc":{"start":{"line":183,"column":6},"end":{"line":185,"column":null}},"type":"if","locations":[{"start":{"line":183,"column":6},"end":{"line":185,"column":null}},{"start":{},"end":{}}],"line":183},"21":{"loc":{"start":{"line":194,"column":6},"end":{"line":200,"column":null}},"type":"if","locations":[{"start":{"line":194,"column":6},"end":{"line":200,"column":null}},{"start":{},"end":{}}],"line":194},"22":{"loc":{"start":{"line":196,"column":8},"end":{"line":199,"column":null}},"type":"if","locations":[{"start":{"line":196,"column":8},"end":{"line":199,"column":null}},{"start":{},"end":{}}],"line":196},"23":{"loc":{"start":{"line":205,"column":13},"end":{"line":205,"column":null}},"type":"cond-expr","locations":[{"start":{"line":205,"column":38},"end":{"line":205,"column":54}},{"start":{"line":205,"column":54},"end":{"line":205,"column":null}}],"line":205},"24":{"loc":{"start":{"line":226,"column":8},"end":{"line":230,"column":null}},"type":"if","locations":[{"start":{"line":226,"column":8},"end":{"line":230,"column":null}},{"start":{"line":228,"column":15},"end":{"line":230,"column":null}}],"line":226},"25":{"loc":{"start":{"line":226,"column":12},"end":{"line":226,"column":76}},"type":"binary-expr","locations":[{"start":{"line":226,"column":12},"end":{"line":226,"column":43}},{"start":{"line":226,"column":43},"end":{"line":226,"column":76}}],"line":226},"26":{"loc":{"start":{"line":235,"column":8},"end":{"line":239,"column":null}},"type":"if","locations":[{"start":{"line":235,"column":8},"end":{"line":239,"column":null}},{"start":{"line":237,"column":15},"end":{"line":239,"column":null}}],"line":235},"27":{"loc":{"start":{"line":235,"column":12},"end":{"line":235,"column":52}},"type":"binary-expr","locations":[{"start":{"line":235,"column":12},"end":{"line":235,"column":23}},{"start":{"line":235,"column":23},"end":{"line":235,"column":52}}],"line":235}},"s":{"0":1,"1":1,"2":0,"3":0,"4":0,"5":0,"6":0,"7":0,"8":0,"9":0,"10":0,"11":0,"12":0,"13":0,"14":0,"15":0,"16":0,"17":0,"18":0,"19":0,"20":0,"21":0,"22":0,"23":0,"24":0,"25":0,"26":0,"27":0,"28":0,"29":0,"30":0,"31":0,"32":0,"33":0,"34":0,"35":0,"36":0,"37":0,"38":0,"39":0,"40":0,"41":0,"42":0,"43":0,"44":0,"45":0,"46":0,"47":0,"48":0,"49":0,"50":0,"51":0,"52":0,"53":0,"54":0,"55":0,"56":0,"57":0,"58":0,"59":0,"60":0,"61":0,"62":0,"63":0,"64":0,"65":0,"66":0,"67":0,"68":0,"69":0,"70":0,"71":0,"72":0,"73":0,"74":0,"75":0,"76":0,"77":0,"78":0,"79":0,"80":0,"81":0,"82":0,"83":0,"84":0,"85":0,"86":0,"87":0,"88":0,"89":0,"90":0,"91":0,"92":0,"93":0,"94":0,"95":0,"96":0,"97":0,"98":0,"99":0,"100":0,"101":0,"102":0,"103":0,"104":0},"f":{"0":0,"1":0,"2":0,"3":0,"4":0,"5":0,"6":0,"7":0,"8":0,"9":0,"10":0,"11":0,"12":0,"13":0,"14":0},"b":{"0":[0],"1":[0,0],"2":[0,0],"3":[0,0],"4":[0,0],"5":[0,0],"6":[0,0],"7":[0,0],"8":[0,0],"9":[0,0],"10":[0,0],"11":[0,0],"12":[0,0],"13":[0,0],"14":[0,0],"15":[0,0],"16":[0,0],"17":[0,0,0],"18":[0,0],"19":[0,0],"20":[0,0],"21":[0,0],"22":[0,0],"23":[0,0],"24":[0,0],"25":[0,0],"26":[0,0],"27":[0,0]},"meta":{"lastBranch":28,"lastFunction":15,"lastStatement":105,"seen":{"s:18:31:18:Infinity":0,"s:19:24:19:Infinity":1,"f:32:22:32:36":0,"s:37:6:37:Infinity":2,"b:35:40:35:Infinity":0,"s:38:16:38:Infinity":3,"b:38:16:38:31:38:31:38:Infinity":1,"s:40:8:40:Infinity":4,"s:41:24:41:Infinity":5,"s:42:16:42:Infinity":6,"s:44:2:208:Infinity":7,"s:45:29:45:Infinity":8,"s:46:24:46:Infinity":9,"b:48:4:50:Infinity:undefined:undefined:undefined:undefined":2,"s:48:4:50:Infinity":10,"s:49:6:49:Infinity":11,"s:53:10:59:Infinity":12,"b:61:4:63:Infinity:undefined:undefined:undefined:undefined":3,"s:61:4:63:Infinity":13,"s:62:6:62:Infinity":14,"s:66:23:160:Infinity":15,"f:66:33:66:Infinity":1,"s:72:21:72:Infinity":16,"s:73:22:73:Infinity":17,"s:75:12:90:Infinity":18,"f:75:12:75:27":2,"b:81:8:81:Infinity:undefined:undefined:undefined:undefined":4,"s:81:8:81:Infinity":19,"s:81:22:81:Infinity":20,"s:82:8:82:Infinity":21,"s:83:8:83:Infinity":22,"s:84:8:84:Infinity":23,"s:85:8:87:Infinity":24,"s:86:10:86:Infinity":25,"s:88:8:88:Infinity":26,"s:89:8:89:Infinity":27,"s:92:6:138:Infinity":28,"f:92:16:92:28":3,"s:93:27:93:Infinity":29,"b:93:35:93:50:93:50:93:54":5,"b:95:8:99:Infinity:undefined:undefined:undefined:undefined":6,"s:95:8:99:Infinity":30,"s:96:10:96:Infinity":31,"s:97:10:97:Infinity":32,"s:98:10:98:Infinity":33,"s:101:30:101:Infinity":34,"b:101:30:101:70:101:70:101:Infinity":7,"s:102:21:102:Infinity":35,"b:102:21:102:60:102:60:102:Infinity":8,"s:103:22:103:Infinity":36,"b:103:22:103:62:103:62:103:Infinity":9,"b:105:8:114:Infinity:undefined:undefined:undefined:undefined":10,"s:105:8:114:Infinity":37,"s:106:30:106:Infinity":38,"b:106:30:106:82:106:82:106:Infinity":11,"b:107:10:109:Infinity:undefined:undefined:undefined:undefined":12,"s:107:10:109:Infinity":39,"s:108:12:108:Infinity":40,"s:110:10:110:Infinity":41,"s:111:10:111:Infinity":42,"s:112:10:112:Infinity":43,"s:113:10:113:Infinity":44,"b:116:8:126:Infinity:undefined:undefined:undefined:undefined":13,"s:116:8:126:Infinity":45,"b:117:10:119:Infinity:undefined:undefined:undefined:undefined":14,"s:117:10:119:Infinity":46,"s:118:12:118:Infinity":47,"s:120:10:120:Infinity":48,"s:121:10:123:Infinity":49,"s:124:10:124:Infinity":50,"s:125:10:125:Infinity":51,"b:128:8:133:Infinity:undefined:undefined:undefined:undefined":15,"s:128:8:133:Infinity":52,"s:129:10:129:Infinity":53,"s:130:10:130:Infinity":54,"s:131:10:131:Infinity":55,"s:132:10:132:Infinity":56,"s:135:8:135:Infinity":57,"s:136:8:136:Infinity":58,"s:137:8:137:Infinity":59,"s:140:6:143:Infinity":60,"f:140:16:140:31":4,"s:141:8:141:Infinity":61,"s:142:8:142:Infinity":62,"f:142:18:142:33":5,"s:142:33:142:55":63,"s:145:28:148:Infinity":64,"f:145:28:145:Infinity":6,"s:146:14:146:Infinity":65,"s:151:6:159:Infinity":66,"f:151:7:151:19":7,"s:152:8:158:Infinity":67,"s:153:23:153:Infinity":68,"f:153:65:153:Infinity":8,"s:153:65:153:Infinity":69,"s:154:10:154:Infinity":70,"s:156:10:156:Infinity":71,"s:157:10:157:Infinity":72,"b:162:4:167:Infinity:undefined:undefined:undefined:undefined":16,"s:162:4:167:Infinity":73,"b:162:8:162:31:162:31:162:51:162:51:162:76":17,"s:163:6:166:Infinity":74,"b:164:15:164:35:164:35:164:Infinity":18,"s:170:24:170:Infinity":75,"b:172:4:175:Infinity:undefined:undefined:undefined:undefined":19,"s:172:4:175:Infinity":76,"s:173:6:173:Infinity":77,"s:174:6:174:Infinity":78,"s:177:4:202:Infinity":79,"s:178:26:181:Infinity":80,"b:183:6:185:Infinity:undefined:undefined:undefined:undefined":20,"s:183:6:185:Infinity":81,"s:184:8:184:Infinity":82,"s:187:6:192:Infinity":83,"b:194:6:200:Infinity:undefined:undefined:undefined:undefined":21,"s:194:6:200:Infinity":84,"s:195:8:195:Infinity":85,"b:196:8:199:Infinity:undefined:undefined:undefined:undefined":22,"s:196:8:199:Infinity":86,"s:197:10:197:Infinity":87,"s:198:10:198:Infinity":88,"s:201:6:201:Infinity":89,"s:204:4:207:Infinity":90,"b:205:38:205:54:205:54:205:Infinity":23,"f:215:9:215:Infinity":9,"s:218:2:246:Infinity":91,"f:218:13:218:22":10,"s:222:19:222:Infinity":92,"f:224:13:224:27":11,"s:225:6:231:Infinity":93,"f:225:18:225:28":12,"b:226:8:230:Infinity:228:15:230:Infinity":24,"s:226:8:230:Infinity":94,"b:226:12:226:43:226:43:226:76":25,"s:227:10:227:Infinity":95,"f:227:17:227:29":13,"s:227:29:227:45":96,"s:229:10:229:Infinity":97,"s:233:6:240:Infinity":98,"f:233:18:233:37":14,"s:234:24:234:Infinity":99,"b:235:8:239:Infinity:237:15:239:Infinity":26,"s:235:8:239:Infinity":100,"b:235:12:235:23:235:23:235:52":27,"s:236:10:236:Infinity":101,"s:238:10:238:Infinity":102,"s:242:6:242:Infinity":103,"s:245:4:245:Infinity":104}}}
,"/Users/marcus/berget-monorepo/cli/src/auth/oauth/token-refresh.ts": {"path":"/Users/marcus/berget-monorepo/cli/src/auth/oauth/token-refresh.ts","statementMap":{"0":{"start":{"line":13,"column":30},"end":{"line":20,"column":null}},"1":{"start":{"line":22,"column":20},"end":{"line":22,"column":null}},"2":{"start":{"line":23,"column":27},"end":{"line":23,"column":null}},"3":{"start":{"line":26,"column":2},"end":{"line":26,"column":null}},"4":{"start":{"line":26,"column":33},"end":{"line":26,"column":null}},"5":{"start":{"line":27,"column":16},"end":{"line":27,"column":null}},"6":{"start":{"line":28,"column":2},"end":{"line":28,"column":null}},"7":{"start":{"line":28,"column":47},"end":{"line":28,"column":null}},"8":{"start":{"line":29,"column":2},"end":{"line":29,"column":null}},"9":{"start":{"line":35,"column":25},"end":{"line":35,"column":null}},"10":{"start":{"line":41,"column":17},"end":{"line":41,"column":null}},"11":{"start":{"line":42,"column":2},"end":{"line":45,"column":null}},"12":{"start":{"line":43,"column":4},"end":{"line":43,"column":null}},"13":{"start":{"line":44,"column":4},"end":{"line":44,"column":null}},"14":{"start":{"line":47,"column":19},"end":{"line":47,"column":null}},"15":{"start":{"line":48,"column":2},"end":{"line":50,"column":null}},"16":{"start":{"line":49,"column":4},"end":{"line":49,"column":null}},"17":{"start":{"line":52,"column":18},"end":{"line":54,"column":null}},"18":{"start":{"line":53,"column":4},"end":{"line":53,"column":null}},"19":{"start":{"line":56,"column":2},"end":{"line":56,"column":null}},"20":{"start":{"line":57,"column":2},"end":{"line":57,"column":null}},"21":{"start":{"line":66,"column":20},"end":{"line":66,"column":null}},"22":{"start":{"line":67,"column":2},"end":{"line":67,"column":null}},"23":{"start":{"line":67,"column":33},"end":{"line":67,"column":null}},"24":{"start":{"line":69,"column":16},"end":{"line":69,"column":null}},"25":{"start":{"line":71,"column":2},"end":{"line":121,"column":null}},"26":{"start":{"line":72,"column":4},"end":{"line":120,"column":null}},"27":{"start":{"line":73,"column":21},"end":{"line":73,"column":null}},"28":{"start":{"line":76,"column":26},"end":{"line":76,"column":null}},"29":{"start":{"line":77,"column":27},"end":{"line":77,"column":null}},"30":{"start":{"line":78,"column":24},"end":{"line":78,"column":null}},"31":{"start":{"line":81,"column":12},"end":{"line":81,"column":null}},"32":{"start":{"line":82,"column":24},"end":{"line":82,"column":null}},"33":{"start":{"line":84,"column":38},"end":{"line":88,"column":null}},"34":{"start":{"line":90,"column":6},"end":{"line":90,"column":null}},"35":{"start":{"line":91,"column":6},"end":{"line":91,"column":null}},"36":{"start":{"line":95,"column":6},"end":{"line":100,"column":null}},"37":{"start":{"line":96,"column":8},"end":{"line":98,"column":null}},"38":{"start":{"line":97,"column":10},"end":{"line":97,"column":null}},"39":{"start":{"line":99,"column":8},"end":{"line":99,"column":null}},"40":{"start":{"line":102,"column":6},"end":{"line":111,"column":null}},"41":{"start":{"line":109,"column":8},"end":{"line":109,"column":null}},"42":{"start":{"line":110,"column":8},"end":{"line":110,"column":null}},"43":{"start":{"line":113,"column":6},"end":{"line":117,"column":null}},"44":{"start":{"line":114,"column":8},"end":{"line":114,"column":null}},"45":{"start":{"line":115,"column":8},"end":{"line":115,"column":null}},"46":{"start":{"line":116,"column":8},"end":{"line":116,"column":null}},"47":{"start":{"line":119,"column":6},"end":{"line":119,"column":null}},"48":{"start":{"line":125,"column":2},"end":{"line":125,"column":null}},"49":{"start":{"line":125,"column":34},"end":{"line":125,"column":57}}},"fnMap":{"0":{"name":"isTransientError","decl":{"start":{"line":25,"column":9},"end":{"line":25,"column":26}},"loc":{"start":{"line":25,"column":51},"end":{"line":30,"column":null}},"line":25},"1":{"name":"refreshAccessToken","decl":{"start":{"line":37,"column":22},"end":{"line":37,"column":null}},"loc":{"start":{"line":40,"column":20},"end":{"line":58,"column":null}},"line":40},"2":{"name":"(anonymous_2)","decl":{"start":{"line":52,"column":48},"end":{"line":52,"column":62}},"loc":{"start":{"line":52,"column":62},"end":{"line":54,"column":3}},"line":52},"3":{"name":"doRefresh","decl":{"start":{"line":65,"column":15},"end":{"line":65,"column":25}},"loc":{"start":{"line":65,"column":90},"end":{"line":122,"column":null}},"line":65},"4":{"name":"sleep","decl":{"start":{"line":124,"column":9},"end":{"line":124,"column":15}},"loc":{"start":{"line":124,"column":42},"end":{"line":126,"column":null}},"line":124},"5":{"name":"(anonymous_5)","decl":{"start":{"line":125,"column":13},"end":{"line":125,"column":22}},"loc":{"start":{"line":125,"column":34},"end":{"line":125,"column":57}},"line":125}},"branchMap":{"0":{"loc":{"start":{"line":26,"column":2},"end":{"line":26,"column":null}},"type":"if","locations":[{"start":{"line":26,"column":2},"end":{"line":26,"column":null}},{"start":{},"end":{}}],"line":26},"1":{"loc":{"start":{"line":28,"column":2},"end":{"line":28,"column":null}},"type":"if","locations":[{"start":{"line":28,"column":2},"end":{"line":28,"column":null}},{"start":{},"end":{}}],"line":28},"2":{"loc":{"start":{"line":28,"column":6},"end":{"line":28,"column":47}},"type":"binary-expr","locations":[{"start":{"line":28,"column":6},"end":{"line":28,"column":14}},{"start":{"line":28,"column":14},"end":{"line":28,"column":47}}],"line":28},"3":{"loc":{"start":{"line":42,"column":2},"end":{"line":45,"column":null}},"type":"if","locations":[{"start":{"line":42,"column":2},"end":{"line":45,"column":null}},{"start":{},"end":{}}],"line":42},"4":{"loc":{"start":{"line":48,"column":2},"end":{"line":50,"column":null}},"type":"if","locations":[{"start":{"line":48,"column":2},"end":{"line":50,"column":null}},{"start":{},"end":{}}],"line":48},"5":{"loc":{"start":{"line":67,"column":2},"end":{"line":67,"column":null}},"type":"if","locations":[{"start":{"line":67,"column":2},"end":{"line":67,"column":null}},{"start":{},"end":{}}],"line":67},"6":{"loc":{"start":{"line":77,"column":27},"end":{"line":77,"column":null}},"type":"binary-expr","locations":[{"start":{"line":77,"column":27},"end":{"line":77,"column":51}},{"start":{"line":77,"column":51},"end":{"line":77,"column":null}}],"line":77},"7":{"loc":{"start":{"line":78,"column":24},"end":{"line":78,"column":null}},"type":"binary-expr","locations":[{"start":{"line":78,"column":24},"end":{"line":78,"column":45}},{"start":{"line":78,"column":45},"end":{"line":78,"column":null}}],"line":78},"8":{"loc":{"start":{"line":82,"column":24},"end":{"line":82,"column":null}},"type":"cond-expr","locations":[{"start":{"line":82,"column":43},"end":{"line":82,"column":58}},{"start":{"line":82,"column":58},"end":{"line":82,"column":null}}],"line":82},"9":{"loc":{"start":{"line":95,"column":6},"end":{"line":100,"column":null}},"type":"if","locations":[{"start":{"line":95,"column":6},"end":{"line":100,"column":null}},{"start":{},"end":{}}],"line":95},"10":{"loc":{"start":{"line":96,"column":8},"end":{"line":98,"column":null}},"type":"if","locations":[{"start":{"line":96,"column":8},"end":{"line":98,"column":null}},{"start":{},"end":{}}],"line":96},"11":{"loc":{"start":{"line":96,"column":12},"end":{"line":96,"column":93}},"type":"binary-expr","locations":[{"start":{"line":96,"column":12},"end":{"line":96,"column":47}},{"start":{"line":96,"column":47},"end":{"line":96,"column":71}},{"start":{"line":96,"column":71},"end":{"line":96,"column":93}}],"line":96},"12":{"loc":{"start":{"line":102,"column":6},"end":{"line":111,"column":null}},"type":"if","locations":[{"start":{"line":102,"column":6},"end":{"line":111,"column":null}},{"start":{},"end":{}}],"line":102},"13":{"loc":{"start":{"line":103,"column":8},"end":{"line":106,"column":null}},"type":"binary-expr","locations":[{"start":{"line":103,"column":8},"end":{"line":103,"column":null}},{"start":{"line":104,"column":9},"end":{"line":104,"column":null}},{"start":{"line":105,"column":10},"end":{"line":105,"column":null}},{"start":{"line":106,"column":10},"end":{"line":106,"column":null}}],"line":103},"14":{"loc":{"start":{"line":113,"column":6},"end":{"line":117,"column":null}},"type":"if","locations":[{"start":{"line":113,"column":6},"end":{"line":117,"column":null}},{"start":{},"end":{}}],"line":113},"15":{"loc":{"start":{"line":113,"column":10},"end":{"line":113,"column":64}},"type":"binary-expr","locations":[{"start":{"line":113,"column":10},"end":{"line":113,"column":37}},{"start":{"line":113,"column":37},"end":{"line":113,"column":64}}],"line":113}},"s":{"0":1,"1":1,"2":1,"3":0,"4":0,"5":0,"6":0,"7":0,"8":0,"9":1,"10":0,"11":0,"12":0,"13":0,"14":0,"15":0,"16":0,"17":0,"18":0,"19":0,"20":0,"21":0,"22":0,"23":0,"24":0,"25":0,"26":0,"27":0,"28":0,"29":0,"30":0,"31":0,"32":0,"33":0,"34":0,"35":0,"36":0,"37":0,"38":0,"39":0,"40":0,"41":0,"42":0,"43":0,"44":0,"45":0,"46":0,"47":0,"48":0,"49":0},"f":{"0":0,"1":0,"2":0,"3":0,"4":0,"5":0},"b":{"0":[0,0],"1":[0,0],"2":[0,0],"3":[0,0],"4":[0,0],"5":[0,0],"6":[0,0],"7":[0,0],"8":[0,0],"9":[0,0],"10":[0,0],"11":[0,0,0],"12":[0,0],"13":[0,0,0,0],"14":[0,0],"15":[0,0]},"meta":{"lastBranch":16,"lastFunction":6,"lastStatement":50,"seen":{"s:13:30:20:Infinity":0,"s:22:20:22:Infinity":1,"s:23:27:23:Infinity":2,"f:25:9:25:26":0,"b:26:2:26:Infinity:undefined:undefined:undefined:undefined":0,"s:26:2:26:Infinity":3,"s:26:33:26:Infinity":4,"s:27:16:27:Infinity":5,"b:28:2:28:Infinity:undefined:undefined:undefined:undefined":1,"s:28:2:28:Infinity":6,"b:28:6:28:14:28:14:28:47":2,"s:28:47:28:Infinity":7,"s:29:2:29:Infinity":8,"s:35:25:35:Infinity":9,"f:37:22:37:Infinity":1,"s:41:17:41:Infinity":10,"b:42:2:45:Infinity:undefined:undefined:undefined:undefined":3,"s:42:2:45:Infinity":11,"s:43:4:43:Infinity":12,"s:44:4:44:Infinity":13,"s:47:19:47:Infinity":14,"b:48:2:50:Infinity:undefined:undefined:undefined:undefined":4,"s:48:2:50:Infinity":15,"s:49:4:49:Infinity":16,"s:52:18:54:Infinity":17,"f:52:48:52:62":2,"s:53:4:53:Infinity":18,"s:56:2:56:Infinity":19,"s:57:2:57:Infinity":20,"f:65:15:65:25":3,"s:66:20:66:Infinity":21,"b:67:2:67:Infinity:undefined:undefined:undefined:undefined":5,"s:67:2:67:Infinity":22,"s:67:33:67:Infinity":23,"s:69:16:69:Infinity":24,"s:71:2:121:Infinity":25,"s:72:4:120:Infinity":26,"s:73:21:73:Infinity":27,"s:76:26:76:Infinity":28,"s:77:27:77:Infinity":29,"b:77:27:77:51:77:51:77:Infinity":6,"s:78:24:78:Infinity":30,"b:78:24:78:45:78:45:78:Infinity":7,"s:81:12:81:Infinity":31,"s:82:24:82:Infinity":32,"b:82:43:82:58:82:58:82:Infinity":8,"s:84:38:88:Infinity":33,"s:90:6:90:Infinity":34,"s:91:6:91:Infinity":35,"b:95:6:100:Infinity:undefined:undefined:undefined:undefined":9,"s:95:6:100:Infinity":36,"b:96:8:98:Infinity:undefined:undefined:undefined:undefined":10,"s:96:8:98:Infinity":37,"b:96:12:96:47:96:47:96:71:96:71:96:93":11,"s:97:10:97:Infinity":38,"s:99:8:99:Infinity":39,"b:102:6:111:Infinity:undefined:undefined:undefined:undefined":12,"s:102:6:111:Infinity":40,"b:103:8:103:Infinity:104:9:104:Infinity:105:10:105:Infinity:106:10:106:Infinity":13,"s:109:8:109:Infinity":41,"s:110:8:110:Infinity":42,"b:113:6:117:Infinity:undefined:undefined:undefined:undefined":14,"s:113:6:117:Infinity":43,"b:113:10:113:37:113:37:113:64":15,"s:114:8:114:Infinity":44,"s:115:8:115:Infinity":45,"s:116:8:116:Infinity":46,"s:119:6:119:Infinity":47,"f:124:9:124:15":4,"s:125:2:125:Infinity":48,"f:125:13:125:22":5,"s:125:34:125:57":49}}}
,"/Users/marcus/berget-monorepo/cli/src/auth/storage/token-store.ts": {"path":"/Users/marcus/berget-monorepo/cli/src/auth/storage/token-store.ts","statementMap":{"0":{"start":{"line":19,"column":4},"end":{"line":19,"column":null}},"1":{"start":{"line":23,"column":4},"end":{"line":27,"column":null}},"2":{"start":{"line":24,"column":6},"end":{"line":24,"column":null}},"3":{"start":{"line":32,"column":4},"end":{"line":44,"column":null}},"4":{"start":{"line":33,"column":6},"end":{"line":33,"column":null}},"5":{"start":{"line":35,"column":20},"end":{"line":35,"column":null}},"6":{"start":{"line":36,"column":6},"end":{"line":38,"column":null}},"7":{"start":{"line":37,"column":8},"end":{"line":37,"column":null}},"8":{"start":{"line":39,"column":6},"end":{"line":42,"column":null}},"9":{"start":{"line":43,"column":6},"end":{"line":43,"column":null}},"10":{"start":{"line":46,"column":4},"end":{"line":63,"column":null}},"11":{"start":{"line":47,"column":21},"end":{"line":47,"column":null}},"12":{"start":{"line":49,"column":6},"end":{"line":55,"column":null}},"13":{"start":{"line":54,"column":8},"end":{"line":54,"column":null}},"14":{"start":{"line":56,"column":6},"end":{"line":56,"column":null}},"15":{"start":{"line":58,"column":6},"end":{"line":61,"column":null}},"16":{"start":{"line":62,"column":6},"end":{"line":62,"column":null}},"17":{"start":{"line":67,"column":22},"end":{"line":67,"column":null}},"18":{"start":{"line":68,"column":4},"end":{"line":72,"column":null}},"19":{"start":{"line":69,"column":6},"end":{"line":69,"column":null}},"20":{"start":{"line":73,"column":4},"end":{"line":73,"column":null}},"21":{"start":{"line":74,"column":4},"end":{"line":74,"column":null}},"22":{"start":{"line":79,"column":20},"end":{"line":79,"column":null}},"23":{"start":{"line":80,"column":2},"end":{"line":80,"column":null}}},"fnMap":{"0":{"name":"constructor","decl":{"start":{"line":18,"column":2},"end":{"line":18,"column":14}},"loc":{"start":{"line":18,"column":33},"end":{"line":20,"column":null}},"line":18},"1":{"name":"clear","decl":{"start":{"line":22,"column":8},"end":{"line":22,"column":31}},"loc":{"start":{"line":22,"column":31},"end":{"line":28,"column":null}},"line":22},"2":{"name":"get","decl":{"start":{"line":30,"column":8},"end":{"line":30,"column":41}},"loc":{"start":{"line":30,"column":41},"end":{"line":64,"column":null}},"line":30},"3":{"name":"set","decl":{"start":{"line":66,"column":8},"end":{"line":66,"column":12}},"loc":{"start":{"line":66,"column":44},"end":{"line":75,"column":null}},"line":66},"4":{"name":"getDefaultTokenFilePath","decl":{"start":{"line":78,"column":9},"end":{"line":78,"column":43}},"loc":{"start":{"line":78,"column":43},"end":{"line":81,"column":null}},"line":78}},"branchMap":{"0":{"loc":{"start":{"line":19,"column":25},"end":{"line":19,"column":null}},"type":"binary-expr","locations":[{"start":{"line":19,"column":25},"end":{"line":19,"column":37}},{"start":{"line":19,"column":37},"end":{"line":19,"column":null}}],"line":19},"1":{"loc":{"start":{"line":36,"column":6},"end":{"line":38,"column":null}},"type":"if","locations":[{"start":{"line":36,"column":6},"end":{"line":38,"column":null}},{"start":{},"end":{}}],"line":36},"2":{"loc":{"start":{"line":40,"column":37},"end":{"line":40,"column":61}},"type":"binary-expr","locations":[{"start":{"line":40,"column":37},"end":{"line":40,"column":45}},{"start":{"line":40,"column":45},"end":{"line":40,"column":61}}],"line":40},"3":{"loc":{"start":{"line":49,"column":6},"end":{"line":55,"column":null}},"type":"if","locations":[{"start":{"line":49,"column":6},"end":{"line":55,"column":null}},{"start":{},"end":{}}],"line":49},"4":{"loc":{"start":{"line":50,"column":8},"end":{"line":52,"column":null}},"type":"binary-expr","locations":[{"start":{"line":50,"column":8},"end":{"line":50,"column":null}},{"start":{"line":51,"column":8},"end":{"line":51,"column":null}},{"start":{"line":52,"column":8},"end":{"line":52,"column":null}}],"line":50}},"s":{"0":0,"1":0,"2":0,"3":0,"4":0,"5":0,"6":0,"7":0,"8":0,"9":0,"10":0,"11":0,"12":0,"13":0,"14":0,"15":0,"16":0,"17":0,"18":0,"19":0,"20":0,"21":0,"22":0,"23":0},"f":{"0":0,"1":0,"2":0,"3":0,"4":0},"b":{"0":[0,0],"1":[0,0],"2":[0,0],"3":[0,0],"4":[0,0,0]},"meta":{"lastBranch":5,"lastFunction":5,"lastStatement":24,"seen":{"f:18:2:18:14":0,"s:19:4:19:Infinity":0,"b:19:25:19:37:19:37:19:Infinity":0,"f:22:8:22:31":1,"s:23:4:27:Infinity":1,"s:24:6:24:Infinity":2,"f:30:8:30:41":2,"s:32:4:44:Infinity":3,"s:33:6:33:Infinity":4,"s:35:20:35:Infinity":5,"b:36:6:38:Infinity:undefined:undefined:undefined:undefined":1,"s:36:6:38:Infinity":6,"s:37:8:37:Infinity":7,"s:39:6:42:Infinity":8,"b:40:37:40:45:40:45:40:61":2,"s:43:6:43:Infinity":9,"s:46:4:63:Infinity":10,"s:47:21:47:Infinity":11,"b:49:6:55:Infinity:undefined:undefined:undefined:undefined":3,"s:49:6:55:Infinity":12,"b:50:8:50:Infinity:51:8:51:Infinity:52:8:52:Infinity":4,"s:54:8:54:Infinity":13,"s:56:6:56:Infinity":14,"s:58:6:61:Infinity":15,"s:62:6:62:Infinity":16,"f:66:8:66:12":3,"s:67:22:67:Infinity":17,"s:68:4:72:Infinity":18,"s:69:6:69:Infinity":19,"s:73:4:73:Infinity":20,"s:74:4:74:Infinity":21,"f:78:9:78:43":4,"s:79:20:79:Infinity":22,"s:80:2:80:Infinity":23}}}
,"/Users/marcus/berget-monorepo/cli/src/commands/code/auth-sync.ts": {"path":"/Users/marcus/berget-monorepo/cli/src/commands/code/auth-sync.ts","statementMap":{"0":{"start":{"line":32,"column":6},"end":{"line":32,"column":null}},"1":{"start":{"line":32,"column":43},"end":{"line":32,"column":null}},"2":{"start":{"line":34,"column":24},"end":{"line":37,"column":null}},"3":{"start":{"line":35,"column":33},"end":{"line":35,"column":null}},"4":{"start":{"line":36,"column":27},"end":{"line":36,"column":null}},"5":{"start":{"line":39,"column":62},"end":{"line":42,"column":null}},"6":{"start":{"line":49,"column":54},"end":{"line":49,"column":null}},"7":{"start":{"line":51,"column":22},"end":{"line":51,"column":null}},"8":{"start":{"line":53,"column":2},"end":{"line":68,"column":null}},"9":{"start":{"line":54,"column":19},"end":{"line":60,"column":null}},"10":{"start":{"line":62,"column":4},"end":{"line":64,"column":null}},"11":{"start":{"line":63,"column":6},"end":{"line":63,"column":null}},"12":{"start":{"line":66,"column":9},"end":{"line":68,"column":null}},"13":{"start":{"line":67,"column":4},"end":{"line":67,"column":null}},"14":{"start":{"line":70,"column":2},"end":{"line":72,"column":null}},"15":{"start":{"line":71,"column":4},"end":{"line":71,"column":null}},"16":{"start":{"line":75,"column":8},"end":{"line":75,"column":null}},"17":{"start":{"line":79,"column":2},"end":{"line":94,"column":null}},"18":{"start":{"line":80,"column":14},"end":{"line":80,"column":null}},"19":{"start":{"line":81,"column":4},"end":{"line":81,"column":null}},"20":{"start":{"line":82,"column":4},"end":{"line":88,"column":null}},"21":{"start":{"line":83,"column":6},"end":{"line":83,"column":null}},"22":{"start":{"line":84,"column":6},"end":{"line":84,"column":null}},"23":{"start":{"line":86,"column":6},"end":{"line":86,"column":null}},"24":{"start":{"line":87,"column":6},"end":{"line":87,"column":null}},"25":{"start":{"line":89,"column":4},"end":{"line":92,"column":null}},"26":{"start":{"line":93,"column":4},"end":{"line":93,"column":null}},"27":{"start":{"line":97,"column":8},"end":{"line":97,"column":null}},"28":{"start":{"line":99,"column":2},"end":{"line":140,"column":null}},"29":{"start":{"line":101,"column":19},"end":{"line":107,"column":null}},"30":{"start":{"line":109,"column":4},"end":{"line":120,"column":null}},"31":{"start":{"line":110,"column":16},"end":{"line":110,"column":null}},"32":{"start":{"line":111,"column":6},"end":{"line":111,"column":null}},"33":{"start":{"line":112,"column":6},"end":{"line":118,"column":null}},"34":{"start":{"line":113,"column":8},"end":{"line":113,"column":null}},"35":{"start":{"line":114,"column":8},"end":{"line":114,"column":null}},"36":{"start":{"line":116,"column":8},"end":{"line":116,"column":null}},"37":{"start":{"line":117,"column":8},"end":{"line":117,"column":null}},"38":{"start":{"line":119,"column":6},"end":{"line":119,"column":null}},"39":{"start":{"line":123,"column":14},"end":{"line":123,"column":null}},"40":{"start":{"line":124,"column":4},"end":{"line":124,"column":null}},"41":{"start":{"line":125,"column":4},"end":{"line":139,"column":null}},"42":{"start":{"line":126,"column":22},"end":{"line":129,"column":null}},"43":{"start":{"line":130,"column":6},"end":{"line":130,"column":null}},"44":{"start":{"line":131,"column":6},"end":{"line":131,"column":null}},"45":{"start":{"line":132,"column":6},"end":{"line":132,"column":null}},"46":{"start":{"line":134,"column":6},"end":{"line":134,"column":null}},"47":{"start":{"line":135,"column":6},"end":{"line":138,"column":null}},"48":{"start":{"line":143,"column":23},"end":{"line":146,"column":null}},"49":{"start":{"line":148,"column":2},"end":{"line":166,"column":null}},"50":{"start":{"line":149,"column":14},"end":{"line":149,"column":null}},"51":{"start":{"line":150,"column":4},"end":{"line":150,"column":null}},"52":{"start":{"line":151,"column":4},"end":{"line":165,"column":null}},"53":{"start":{"line":152,"column":22},"end":{"line":155,"column":null}},"54":{"start":{"line":156,"column":6},"end":{"line":156,"column":null}},"55":{"start":{"line":157,"column":6},"end":{"line":157,"column":null}},"56":{"start":{"line":158,"column":6},"end":{"line":158,"column":null}},"57":{"start":{"line":160,"column":6},"end":{"line":160,"column":null}},"58":{"start":{"line":161,"column":6},"end":{"line":164,"column":null}},"59":{"start":{"line":169,"column":2},"end":{"line":172,"column":null}},"60":{"start":{"line":173,"column":2},"end":{"line":173,"column":null}},"61":{"start":{"line":179,"column":52},"end":{"line":179,"column":null}},"62":{"start":{"line":181,"column":34},"end":{"line":181,"column":null}},"63":{"start":{"line":183,"column":2},"end":{"line":185,"column":null}},"64":{"start":{"line":184,"column":4},"end":{"line":184,"column":null}},"65":{"start":{"line":187,"column":2},"end":{"line":187,"column":null}},"66":{"start":{"line":189,"column":12},"end":{"line":189,"column":null}},"67":{"start":{"line":190,"column":2},"end":{"line":190,"column":null}},"68":{"start":{"line":192,"column":22},"end":{"line":194,"column":null}},"69":{"start":{"line":195,"column":2},"end":{"line":202,"column":null}},"70":{"start":{"line":196,"column":4},"end":{"line":196,"column":null}},"71":{"start":{"line":197,"column":4},"end":{"line":200,"column":null}},"72":{"start":{"line":201,"column":4},"end":{"line":201,"column":null}},"73":{"start":{"line":204,"column":2},"end":{"line":204,"column":null}},"74":{"start":{"line":206,"column":8},"end":{"line":206,"column":null}},"75":{"start":{"line":207,"column":2},"end":{"line":211,"column":null}},"76":{"start":{"line":208,"column":4},"end":{"line":208,"column":null}},"77":{"start":{"line":209,"column":4},"end":{"line":209,"column":null}},"78":{"start":{"line":210,"column":4},"end":{"line":210,"column":null}},"79":{"start":{"line":213,"column":2},"end":{"line":217,"column":null}},"80":{"start":{"line":225,"column":18},"end":{"line":225,"column":null}},"81":{"start":{"line":226,"column":2},"end":{"line":226,"column":null}},"82":{"start":{"line":226,"column":16},"end":{"line":226,"column":null}},"83":{"start":{"line":227,"column":2},"end":{"line":232,"column":null}},"84":{"start":{"line":228,"column":19},"end":{"line":228,"column":null}},"85":{"start":{"line":229,"column":4},"end":{"line":229,"column":null}},"86":{"start":{"line":231,"column":4},"end":{"line":231,"column":null}},"87":{"start":{"line":236,"column":18},"end":{"line":236,"column":null}},"88":{"start":{"line":237,"column":2},"end":{"line":237,"column":null}},"89":{"start":{"line":237,"column":16},"end":{"line":237,"column":null}},"90":{"start":{"line":239,"column":2},"end":{"line":247,"column":null}},"91":{"start":{"line":240,"column":4},"end":{"line":240,"column":null}},"92":{"start":{"line":242,"column":4},"end":{"line":245,"column":null}},"93":{"start":{"line":246,"column":4},"end":{"line":246,"column":null}},"94":{"start":{"line":248,"column":2},"end":{"line":260,"column":null}},"95":{"start":{"line":250,"column":10},"end":{"line":250,"column":null}},"96":{"start":{"line":251,"column":4},"end":{"line":254,"column":null}},"97":{"start":{"line":253,"column":6},"end":{"line":253,"column":null}},"98":{"start":{"line":255,"column":4},"end":{"line":259,"column":null}},"99":{"start":{"line":261,"column":2},"end":{"line":261,"column":null}},"100":{"start":{"line":270,"column":19},"end":{"line":270,"column":null}},"101":{"start":{"line":271,"column":42},"end":{"line":271,"column":null}},"102":{"start":{"line":273,"column":18},"end":{"line":273,"column":null}},"103":{"start":{"line":274,"column":2},"end":{"line":280,"column":null}},"104":{"start":{"line":275,"column":4},"end":{"line":279,"column":null}},"105":{"start":{"line":276,"column":6},"end":{"line":276,"column":null}},"106":{"start":{"line":278,"column":6},"end":{"line":278,"column":null}},"107":{"start":{"line":282,"column":18},"end":{"line":288,"column":null}},"108":{"start":{"line":290,"column":2},"end":{"line":290,"column":null}},"109":{"start":{"line":291,"column":2},"end":{"line":291,"column":null}},"110":{"start":{"line":300,"column":19},"end":{"line":300,"column":null}},"111":{"start":{"line":301,"column":42},"end":{"line":301,"column":null}},"112":{"start":{"line":303,"column":18},"end":{"line":303,"column":null}},"113":{"start":{"line":304,"column":2},"end":{"line":310,"column":null}},"114":{"start":{"line":305,"column":4},"end":{"line":309,"column":null}},"115":{"start":{"line":306,"column":6},"end":{"line":306,"column":null}},"116":{"start":{"line":308,"column":6},"end":{"line":308,"column":null}},"117":{"start":{"line":313,"column":8},"end":{"line":313,"column":null}},"118":{"start":{"line":315,"column":18},"end":{"line":323,"column":null}},"119":{"start":{"line":325,"column":2},"end":{"line":325,"column":null}},"120":{"start":{"line":326,"column":2},"end":{"line":326,"column":null}}},"fnMap":{"0":{"name":"(anonymous_0)","decl":{"start":{"line":32,"column":6},"end":{"line":32,"column":23}},"loc":{"start":{"line":32,"column":43},"end":{"line":32,"column":null}},"line":32},"1":{"name":"(anonymous_1)","decl":{"start":{"line":35,"column":2},"end":{"line":35,"column":13}},"loc":{"start":{"line":35,"column":33},"end":{"line":35,"column":null}},"line":35},"2":{"name":"(anonymous_2)","decl":{"start":{"line":36,"column":2},"end":{"line":36,"column":7}},"loc":{"start":{"line":36,"column":27},"end":{"line":36,"column":null}},"line":36},"3":{"name":"configureAuth","decl":{"start":{"line":44,"column":22},"end":{"line":44,"column":null}},"loc":{"start":{"line":48,"column":23},"end":{"line":174,"column":null}},"line":48},"4":{"name":"ensureCliAuth","decl":{"start":{"line":176,"column":22},"end":{"line":176,"column":null}},"loc":{"start":{"line":178,"column":27},"end":{"line":218,"column":null}},"line":178},"5":{"name":"isToolAuthenticated","decl":{"start":{"line":220,"column":22},"end":{"line":220,"column":null}},"loc":{"start":{"line":224,"column":20},"end":{"line":233,"column":null}},"line":224},"6":{"name":"readCliAuth","decl":{"start":{"line":235,"column":22},"end":{"line":235,"column":34}},"loc":{"start":{"line":235,"column":94},"end":{"line":262,"column":null}},"line":235},"7":{"name":"syncApiKeyToTool","decl":{"start":{"line":264,"column":22},"end":{"line":264,"column":null}},"loc":{"start":{"line":269,"column":17},"end":{"line":292,"column":null}},"line":269},"8":{"name":"syncOAuthToTool","decl":{"start":{"line":294,"column":22},"end":{"line":294,"column":null}},"loc":{"start":{"line":299,"column":17},"end":{"line":327,"column":null}},"line":299}},"branchMap":{"0":{"loc":{"start":{"line":53,"column":2},"end":{"line":68,"column":null}},"type":"if","locations":[{"start":{"line":53,"column":2},"end":{"line":68,"column":null}},{"start":{"line":66,"column":9},"end":{"line":68,"column":null}}],"line":53},"1":{"loc":{"start":{"line":55,"column":61},"end":{"line":55,"column":101}},"type":"cond-expr","locations":[{"start":{"line":55,"column":83},"end":{"line":55,"column":96}},{"start":{"line":55,"column":96},"end":{"line":55,"column":101}}],"line":55},"2":{"loc":{"start":{"line":62,"column":4},"end":{"line":64,"column":null}},"type":"if","locations":[{"start":{"line":62,"column":4},"end":{"line":64,"column":null}},{"start":{},"end":{}}],"line":62},"3":{"loc":{"start":{"line":66,"column":9},"end":{"line":68,"column":null}},"type":"if","locations":[{"start":{"line":66,"column":9},"end":{"line":68,"column":null}},{"start":{},"end":{}}],"line":66},"4":{"loc":{"start":{"line":70,"column":2},"end":{"line":72,"column":null}},"type":"if","locations":[{"start":{"line":70,"column":2},"end":{"line":72,"column":null}},{"start":{},"end":{}}],"line":70},"5":{"loc":{"start":{"line":79,"column":2},"end":{"line":94,"column":null}},"type":"if","locations":[{"start":{"line":79,"column":2},"end":{"line":94,"column":null}},{"start":{},"end":{}}],"line":79},"6":{"loc":{"start":{"line":99,"column":2},"end":{"line":140,"column":null}},"type":"if","locations":[{"start":{"line":99,"column":2},"end":{"line":140,"column":null}},{"start":{},"end":{}}],"line":99},"7":{"loc":{"start":{"line":109,"column":4},"end":{"line":120,"column":null}},"type":"if","locations":[{"start":{"line":109,"column":4},"end":{"line":120,"column":null}},{"start":{},"end":{}}],"line":109},"8":{"loc":{"start":{"line":128,"column":17},"end":{"line":128,"column":57}},"type":"cond-expr","locations":[{"start":{"line":128,"column":39},"end":{"line":128,"column":52}},{"start":{"line":128,"column":52},"end":{"line":128,"column":57}}],"line":128},"9":{"loc":{"start":{"line":136,"column":8},"end":{"line":137,"column":null}},"type":"binary-expr","locations":[{"start":{"line":136,"column":8},"end":{"line":136,"column":null}},{"start":{"line":137,"column":10},"end":{"line":137,"column":null}}],"line":136},"10":{"loc":{"start":{"line":148,"column":2},"end":{"line":166,"column":null}},"type":"if","locations":[{"start":{"line":148,"column":2},"end":{"line":166,"column":null}},{"start":{},"end":{}}],"line":148},"11":{"loc":{"start":{"line":154,"column":17},"end":{"line":154,"column":57}},"type":"cond-expr","locations":[{"start":{"line":154,"column":39},"end":{"line":154,"column":52}},{"start":{"line":154,"column":52},"end":{"line":154,"column":57}}],"line":154},"12":{"loc":{"start":{"line":162,"column":8},"end":{"line":163,"column":null}},"type":"binary-expr","locations":[{"start":{"line":162,"column":8},"end":{"line":162,"column":null}},{"start":{"line":163,"column":10},"end":{"line":163,"column":null}}],"line":162},"13":{"loc":{"start":{"line":183,"column":2},"end":{"line":185,"column":null}},"type":"if","locations":[{"start":{"line":183,"column":2},"end":{"line":185,"column":null}},{"start":{},"end":{}}],"line":183},"14":{"loc":{"start":{"line":183,"column":6},"end":{"line":183,"column":54}},"type":
[...]
6,"column":6},"end":{"line":126,"column":76}},"type":"binary-expr","locations":[{"start":{"line":126,"column":6},"end":{"line":126,"column":41}},{"start":{"line":126,"column":41},"end":{"line":126,"column":76}}],"line":126},"21":{"loc":{"start":{"line":134,"column":2},"end":{"line":146,"column":null}},"type":"if","locations":[{"start":{"line":134,"column":2},"end":{"line":146,"column":null}},{"start":{},"end":{}}],"line":134},"22":{"loc":{"start":{"line":135,"column":4},"end":{"line":140,"column":null}},"type":"binary-expr","locations":[{"start":{"line":135,"column":4},"end":{"line":135,"column":null}},{"start":{"line":136,"column":4},"end":{"line":136,"column":null}},{"start":{"line":137,"column":4},"end":{"line":137,"column":null}},{"start":{"line":138,"column":4},"end":{"line":138,"column":null}},{"start":{"line":139,"column":4},"end":{"line":139,"column":null}},{"start":{"line":140,"column":4},"end":{"line":140,"column":null}}],"line":135}},"s":{"0":0,"1":0,"2":0,"3":0,"4":0,"5":0,"6":0,"7":0,"8":0,"9":0,"10":0,"11":0,"12":0,"13":0,"14":0,"15":0,"16":0,"17":0,"18":0,"19":0,"20":0,"21":0,"22":0,"23":0,"24":0,"25":0,"26":0,"27":0,"28":0,"29":0,"30":0,"31":0,"32":0,"33":0,"34":0,"35":0,"36":0,"37":0,"38":0,"39":0,"40":0,"41":0,"42":0,"43":0,"44":0,"45":0,"46":0,"47":0,"48":0,"49":0,"50":0,"51":0,"52":0,"53":0,"54":0,"55":0,"56":0,"57":0,"58":0,"59":0,"60":0,"61":0},"f":{"0":0,"1":0},"b":{"0":[0,0],"1":[0,0],"2":[0,0],"3":[0,0],"4":[0,0],"5":[0,0],"6":[0,0],"7":[0,0],"8":[0,0],"9":[0,0],"10":[0,0,0,0],"11":[0,0],"12":[0,0,0,0],"13":[0,0],"14":[0,0,0],"15":[0,0],"16":[0,0,0],"17":[0,0],"18":[0,0,0,0],"19":[0,0],"20":[0,0],"21":[0,0],"22":[0,0,0,0,0,0]},"meta":{"lastBranch":23,"lastFunction":2,"lastStatement":62,"seen":{"f:6:16:6:28":0,"s:7:2:7:Infinity":0,"s:9:21:9:Infinity":1,"s:10:18:10:Infinity":2,"s:11:18:11:Infinity":3,"b:14:2:34:Infinity:29:9:34:Infinity":0,"s:14:2:34:Infinity":4,"s:15:4:28:Infinity":5,"s:17:26:17:Infinity":6,"b:18:6:24:Infinity:22:13:24:Infinity":1,"s:18:6:24:Infinity":7,"s:19:8:19:Infinity":8,"b:19:23:19:52:19:52:19:Infinity":2,"s:20:8:20:Infinity":9,"b:20:20:20:46:20:46:20:Infinity":3,"s:21:8:21:Infinity":10,"b:21:20:21:46:21:46:21:Infinity":4,"s:23:8:23:Infinity":11,"s:27:6:27:Infinity":12,"b:29:9:34:Infinity:undefined:undefined:undefined:undefined":5,"s:29:9:34:Infinity":13,"b:29:13:29:22:29:22:29:37":6,"s:31:4:31:Infinity":14,"s:32:4:32:Infinity":15,"s:33:4:33:Infinity":16,"b:37:2:39:Infinity:undefined:undefined:undefined:undefined":7,"s:37:2:39:Infinity":17,"s:38:4:38:Infinity":18,"b:40:2:42:Infinity:undefined:undefined:undefined:undefined":8,"s:40:2:42:Infinity":19,"s:41:4:41:Infinity":20,"s:45:2:45:Infinity":21,"f:51:9:51:Infinity":1,"s:56:2:56:Infinity":22,"b:59:2:69:Infinity:undefined:undefined:undefined:undefined":9,"s:59:2:69:Infinity":23,"b:60:4:60:Infinity:61:4:61:Infinity:62:4:62:Infinity:63:4:63:Infinity":10,"s:65:4:65:Infinity":24,"s:66:4:66:Infinity":25,"s:67:4:67:Infinity":26,"s:68:4:68:Infinity":27,"b:72:2:83:Infinity:undefined:undefined:undefined:undefined":11,"s:72:2:83:Infinity":28,"b:73:4:73:Infinity:74:4:74:Infinity:75:4:75:Infinity:76:4:76:Infinity":12,"s:78:4:78:Infinity":29,"s:79:4:79:Infinity":30,"s:80:4:80:Infinity":31,"s:81:4:81:Infinity":32,"s:82:4:82:Infinity":33,"b:86:2:98:Infinity:undefined:undefined:undefined:undefined":13,"s:86:2:98:Infinity":34,"b:87:4:87:Infinity:88:4:88:Infinity:89:4:89:Infinity":14,"s:91:4:91:Infinity":35,"s:92:4:92:Infinity":36,"s:93:4:95:Infinity":37,"s:96:4:96:Infinity":38,"s:97:4:97:Infinity":39,"b:101:2:110:Infinity:undefined:undefined:undefined:undefined":15,"s:101:2:110:Infinity":40,"b:102:4:102:Infinity:103:4:103:Infinity:104:4:104:Infinity":16,"s:106:4:106:Infinity":41,"s:107:4:107:Infinity":42,"s:108:4:108:Infinity":43,"s:109:4:109:Infinity":44,"b:113:2:123:Infinity:undefined:undefined:undefined:undefined":17,"s:113:2:123:Infinity":45,"b:114:4:114:Infinity:115:4:115:Infinity:116:5:116:18:116:18:116:Infinity":18,"s:118:4:118:Infinity":46,"s:119:4:119:Infinity":47,"s:120:4:120:Infinity":48,"s:121:4:121:Infinity":49,"s:122:4:122:Infinity":50,"b:126:2:131:Infinity:undefined:undefined:undefined:undefined":19,"s:126:2:131:Infinity":51,"b:126:6:126:41:126:41:126:76":20,"s:127:4:127:Infinity":52,"s:128:4:128:Infinity":53,"s:129:4:129:Infinity":54,"s:130:4:130:Infinity":55,"b:134:2:146:Infinity:undefined:undefined:undefined:undefined":21,"s:134:2:146:Infinity":56,"b:135:4:135:Infinity:136:4:136:Infinity:137:4:137:Infinity:138:4:138:Infinity:139:4:139:Infinity:140:4:140:Infinity":22,"s:142:4:142:Infinity":57,"s:143:4:143:Infinity":58,"s:144:4:144:Infinity":59,"s:145:4:145:Infinity":60,"s:148:2:150:Infinity":61}}}
,"/Users/marcus/berget-monorepo/cli/src/utils/logger.ts": {"path":"/Users/marcus/berget-monorepo/cli/src/utils/logger.ts","statementMap":{"0":{"start":{"line":6,"column":7},"end":{"line":12,"column":null}},"1":{"start":{"line":7,"column":2},"end":{"line":7,"column":null}},"2":{"start":{"line":8,"column":2},"end":{"line":8,"column":null}},"3":{"start":{"line":9,"column":2},"end":{"line":9,"column":null}},"4":{"start":{"line":10,"column":2},"end":{"line":10,"column":null}},"5":{"start":{"line":11,"column":2},"end":{"line":11,"column":null}},"6":{"start":{"line":14,"column":18},"end":{"line":14,"column":null}},"7":{"start":{"line":21,"column":10},"end":{"line":21,"column":null}},"8":{"start":{"line":25,"column":4},"end":{"line":31,"column":null}},"9":{"start":{"line":26,"column":6},"end":{"line":26,"column":null}},"10":{"start":{"line":27,"column":11},"end":{"line":31,"column":null}},"11":{"start":{"line":28,"column":6},"end":{"line":28,"column":null}},"12":{"start":{"line":29,"column":11},"end":{"line":31,"column":null}},"13":{"start":{"line":30,"column":6},"end":{"line":30,"column":null}},"14":{"start":{"line":35,"column":4},"end":{"line":37,"column":null}},"15":{"start":{"line":36,"column":6},"end":{"line":36,"column":null}},"16":{"start":{"line":38,"column":4},"end":{"line":38,"column":null}},"17":{"start":{"line":46,"column":4},"end":{"line":56,"column":null}},"18":{"start":{"line":47,"column":30},"end":{"line":47,"column":null}},"19":{"start":{"line":48,"column":27},"end":{"line":50,"column":null}},"20":{"start":{"line":49,"column":8},"end":{"line":49,"column":null}},"21":{"start":{"line":51,"column":6},"end":{"line":55,"column":null}},"22":{"start":{"line":52,"column":8},"end":{"line":52,"column":null}},"23":{"start":{"line":54,"column":8},"end":{"line":54,"column":null}},"24":{"start":{"line":63,"column":4},"end":{"line":69,"column":null}},"25":{"start":{"line":64,"column":6},"end":{"line":68,"column":null}},"26":{"start":{"line":65,"column":8},"end":{"line":65,"column":null}},"27":{"start":{"line":67,"column":8},"end":{"line":67,"column":null}},"28":{"start":{"line":76,"column":4},"end":{"line":76,"column":null}},"29":{"start":{"line":83,"column":4},"end":{"line":89,"column":null}},"30":{"start":{"line":84,"column":6},"end":{"line":88,"column":null}},"31":{"start":{"line":85,"column":8},"end":{"line":85,"column":null}},"32":{"start":{"line":87,"column":8},"end":{"line":87,"column":null}},"33":{"start":{"line":96,"column":4},"end":{"line":102,"column":null}},"34":{"start":{"line":97,"column":6},"end":{"line":101,"column":null}},"35":{"start":{"line":98,"column":8},"end":{"line":98,"column":null}},"36":{"start":{"line":100,"column":8},"end":{"line":100,"column":null}},"37":{"start":{"line":109,"column":4},"end":{"line":109,"column":null}},"38":{"start":{"line":116,"column":4},"end":{"line":122,"column":null}},"39":{"start":{"line":117,"column":6},"end":{"line":121,"column":null}},"40":{"start":{"line":118,"column":8},"end":{"line":118,"column":null}},"41":{"start":{"line":120,"column":8},"end":{"line":120,"column":null}},"42":{"start":{"line":129,"column":4},"end":{"line":135,"column":null}},"43":{"start":{"line":130,"column":6},"end":{"line":134,"column":null}},"44":{"start":{"line":131,"column":8},"end":{"line":131,"column":null}},"45":{"start":{"line":133,"column":8},"end":{"line":133,"column":null}},"46":{"start":{"line":142,"column":4},"end":{"line":167,"column":null}},"47":{"start":{"line":144,"column":8},"end":{"line":144,"column":null}},"48":{"start":{"line":145,"column":8},"end":{"line":145,"column":null}},"49":{"start":{"line":148,"column":8},"end":{"line":148,"column":null}},"50":{"start":{"line":149,"column":8},"end":{"line":149,"column":null}},"51":{"start":{"line":152,"column":8},"end":{"line":152,"column":null}},"52":{"start":{"line":153,"column":8},"end":{"line":153,"column":null}},"53":{"start":{"line":156,"column":8},"end":{"line":156,"column":null}},"54":{"start":{"line":157,"column":8},"end":{"line":157,"column":null}},"55":{"start":{"line":160,"column":8},"end":{"line":160,"column":null}},"56":{"start":{"line":161,"column":8},"end":{"line":161,"column":null}},"57":{"start":{"line":165,"column":8},"end":{"line":165,"column":null}},"58":{"start":{"line":177,"column":15},"end":{"line":177,"column":null}},"59":{"start":{"line":180,"column":2},"end":{"line":180,"column":null}},"60":{"start":{"line":183,"column":2},"end":{"line":183,"column":null}},"61":{"start":{"line":186,"column":2},"end":{"line":186,"column":null}},"62":{"start":{"line":189,"column":2},"end":{"line":189,"column":null}},"63":{"start":{"line":191,"column":2},"end":{"line":191,"column":null}},"64":{"start":{"line":195,"column":22},"end":{"line":195,"column":null}}},"fnMap":{"0":{"name":"(anonymous_0)","decl":{"start":{"line":6,"column":7},"end":{"line":6,"column":12}},"loc":{"start":{"line":6,"column":7},"end":{"line":12,"column":null}},"line":6},"1":{"name":"constructor","decl":{"start":{"line":23,"column":2},"end":{"line":23,"column":10}},"loc":{"start":{"line":23,"column":24},"end":{"line":32,"column":null}},"line":23},"2":{"name":"getInstance","decl":{"start":{"line":34,"column":16},"end":{"line":34,"column":38}},"loc":{"start":{"line":34,"column":38},"end":{"line":39,"column":null}},"line":34},"3":{"name":"debug","decl":{"start":{"line":45,"column":2},"end":{"line":45,"column":9}},"loc":{"start":{"line":45,"column":60},"end":{"line":57,"column":null}},"line":45},"4":{"name":"(anonymous_4)","decl":{"start":{"line":48,"column":38},"end":{"line":48,"column":43}},"loc":{"start":{"line":49,"column":8},"end":{"line":49,"column":null}},"line":49},"5":{"name":"error","decl":{"start":{"line":62,"column":2},"end":{"line":62,"column":9}},"loc":{"start":{"line":62,"column":60},"end":{"line":70,"column":null}},"line":62},"6":{"name":"getLogLevel","decl":{"start":{"line":75,"column":2},"end":{"line":75,"column":9}},"loc":{"start":{"line":75,"column":33},"end":{"line":77,"column":null}},"line":75},"7":{"name":"info","decl":{"start":{"line":82,"column":2},"end":{"line":82,"column":9}},"loc":{"start":{"line":82,"column":59},"end":{"line":90,"column":null}},"line":82},"8":{"name":"log","decl":{"start":{"line":95,"column":2},"end":{"line":95,"column":9}},"loc":{"start":{"line":95,"column":58},"end":{"line":103,"column":null}},"line":95},"9":{"name":"setLogLevel","decl":{"start":{"line":108,"column":2},"end":{"line":108,"column":9}},"loc":{"start":{"line":108,"column":44},"end":{"line":110,"column":null}},"line":108},"10":{"name":"success","decl":{"start":{"line":115,"column":2},"end":{"line":115,"column":9}},"loc":{"start":{"line":115,"column":62},"end":{"line":123,"column":null}},"line":115},"11":{"name":"warn","decl":{"start":{"line":128,"column":2},"end":{"line":128,"column":9}},"loc":{"start":{"line":128,"column":59},"end":{"line":136,"column":null}},"line":128},"12":{"name":"setLogLevelFromString","decl":{"start":{"line":141,"column":2},"end":{"line":141,"column":10}},"loc":{"start":{"line":141,"column":53},"end":{"line":168,"column":null}},"line":141},"13":{"name":"redactSecrets","decl":{"start":{"line":176,"column":9},"end":{"line":176,"column":23}},"loc":{"start":{"line":176,"column":46},"end":{"line":192,"column":null}},"line":176}},"branchMap":{"0":{"loc":{"start":{"line":25,"column":4},"end":{"line":31,"column":null}},"type":"if","locations":[{"start":{"line":25,"column":4},"end":{"line":31,"column":null}},{"start":{"line":27,"column":11},"end":{"line":31,"column":null}}],"line":25},"1":{"loc":{"start":{"line":27,"column":11},"end":{"line":31,"column":null}},"type":"if","locations":[{"start":{"line":27,"column":11},"end":{"line":31,"column":null}},{"start":{"line":29,"column":11},"end":{"line":31,"column":null}}],"line":27},"2":{"loc":{"start":{"line":29,"column":11},"end":{"line":31,"column":null}},"type":"if","locations":[{"start":{"line":29,"column":11},"end":{"line":31,"column":null}},{"start":{},"end":{}}],"line":29},"3":{"loc":{"start":{"line":35,"column":4},"end":{"line":37,"column":null}},"type":"if","locations":[{"start":{"line":35,"column":4},"end":{"line":37,"column":null}},{"start":{},"end":{}}],"line":35},"4":{"loc":{"start":{"line":46,"column":4},"end":{"line":56,"column":null}},"type":"if","locations":[{"start":{"line":46,"column":4},"end":{"line":56,"column":null}},{"start":{},"end":{}}],"line":46},"5":{"loc":{"start":{"line":49,"column":8},"end":{"line":49,"column":null}},"type":"cond-expr","locations":[{"start":{"line":49,"column":34},"end":{"line":49,"column":55}},{"start":{"line":49,"column":55},"end":{"line":49,"column":null}}],"line":49},"6":{"loc":{"start":{"line":51,"column":6},"end":{"line":55,"column":null}},"type":"if","locations":[{"start":{"line":51,"column":6},"end":{"line":55,"column":null}},{"start":{"line":53,"column":13},"end":{"line":55,"column":null}}],"line":51},"7":{"loc":{"start":{"line":63,"column":4},"end":{"line":69,"column":null}},"type":"if","locations":[{"start":{"line":63,"column":4},"end":{"line":69,"column":null}},{"start":{},"end":{}}],"line":63},"8":{"loc":{"start":{"line":64,"column":6},"end":{"line":68,"column":null}},"type":"if","locations":[{"start":{"line":64,"column":6},"end":{"line":68,"column":null}},{"start":{"line":66,"column":13},"end":{"line":68,"column":null}}],"line":64},"9":{"loc":{"start":{"line":83,"column":4},"end":{"line":89,"column":null}},"type":"if","locations":[{"start":{"line":83,"column":4},"end":{"line":89,"column":null}},{"start":{},"end":{}}],"line":83},"10":{"loc":{"start":{"line":84,"column":6},"end":{"line":88,"column":null}},"type":"if","locations":[{"start":{"line":84,"column":6},"end":{"line":88,"column":null}},{"start":{"line":86,"column":13},"end":{"line":88,"column":null}}],"line":84},"11":{"loc":{"start":{"line":96,"column":4},"end":{"line":102,"column":null}},"type":"if","locations":[{"start":{"line":96,"column":4},"end":{"line":102,"column":null}},{"start":{},"end":{}}],"line":96},"12":{"loc":{"start":{"line":97,"column":6},"end":{"line":101,"column":null}},"type":"if","locations":[{"start":{"line":97,"column":6},"end":{"line":101,"column":null}},{"start":{"line":99,"column":13},"end":{"line":101,"column":null}}],"line":97},"13":{"loc":{"start":{"line":116,"column":4},"end":{"line":122,"column":null}},"type":"if","locations":[{"start":{"line":116,"column":4},"end":{"line":122,"column":null}},{"start":{},"end":{}}],"line":116},"14":{"loc":{"start":{"line":117,"column":6},"end":{"line":121,"column":null}},"type":"if","locations":[{"start":{"line":117,"column":6},"end":{"line":121,"column":null}},{"start":{"line":119,"column":13},"end":{"line":121,"column":null}}],"line":117},"15":{"loc":{"start":{"line":129,"column":4},"end":{"line":135,"column":null}},"type":"if","locations":[{"start":{"line":129,"column":4},"end":{"line":135,"column":null}},{"start":{},"end":{}}],"line":129},"16":{"loc":{"start":{"line":130,"column":6},"end":{"line":134,"column":null}},"type":"if","locations":[{"start":{"line":130,"column":6},"end":{"line":134,"column":null}},{"start":{"line":132,"column":13},"end":{"line":134,"column":null}}],"line":130},"17":{"loc":{"start":{"line":142,"column":4},"end":{"line":167,"column":null}},"type":"switch","locations":[{"start":{"line":143,"column":6},"end":{"line":146,"column":null}},{"start":{"line":147,"column":6},"end":{"line":150,"column":null}},{"start":{"line":151,"column":6},"end":{"line":154,"column":null}},{"start":{"line":155,"column":6},"end":{"line":158,"column":null}},{"start":{"line":159,"column":6},"end":{"line":162,"column":null}},{"start":{"line":163,"column":6},"end":{"line":166,"column":null}}],"line":142}},"s":{"0":1,"1":1,"2":1,"3":1,"4":1,"5":1,"6":1,"7":1,"8":1,"9":0,"10":1,"11":0,"12":1,"13":0,"14":1,"15":1,"16":1,"17":0,"18":0,"19":0,"20":0,"21":0,"22":0,"23":0,"24":0,"25":0,"26":0,"27":0,"28":0,"29":0,"30":0,"31":0,"32":0,"33":0,"34":0,"35":0,"36":0,"37":0,"38":0,"39":0,"40":0,"41":0,"42":0,"43":0,"44":0,"45":0,"46":0,"47":0,"48":0,"49":0,"50":0,"51":0,"52":0,"53":0,"54":0,"55":0,"56":0,"57":0,"58":0,"59":0,"60":0,"61":0,"62":0,"63":0,"64":1},"f":{"0":1,"1":1,"2":1,"3":0,"4":0,"5":0,"6":0,"7":0,"8":0,"9":0,"10":0,"11":0,"12":0,"13":0},"b":{"0":[0,1],"1":[0,1],"2":[0,1],"3":[1,0],"4":[0,0],"5":[0,0],"6":[0,0],"7":[0,0],"8":[0,0],"9":[0,0],"10":[0,0],"11":[0,0],"12":[0,0],"13":[0,0],"14":[0,0],"15":[0,0],"16":[0,0],"17":[0,0,0,0,0,0]},"meta":{"lastBranch":18,"lastFunction":14,"lastStatement":65,"seen":{"s:6:7:12:Infinity":0,"f:6:7:6:12":0,"s:7:2:7:Infinity":1,"s:8:2:8:Infinity":2,"s:9:2:9:Infinity":3,"s:10:2:10:Infinity":4,"s:11:2:11:Infinity":5,"s:14:18:14:Infinity":6,"s:21:10:21:Infinity":7,"f:23:2:23:10":1,"b:25:4:31:Infinity:27:11:31:Infinity":0,"s:25:4:31:Infinity":8,"s:26:6:26:Infinity":9,"b:27:11:31:Infinity:29:11:31:Infinity":1,"s:27:11:31:Infinity":10,"s:28:6:28:Infinity":11,"b:29:11:31:Infinity:undefined:undefined:undefined:undefined":2,"s:29:11:31:Infinity":12,"s:30:6:30:Infinity":13,"f:34:16:34:38":2,"b:35:4:37:Infinity:undefined:undefined:undefined:undefined":3,"s:35:4:37:Infinity":14,"s:36:6:36:Infinity":15,"s:38:4:38:Infinity":16,"f:45:2:45:9":3,"b:46:4:56:Infinity:undefined:undefined:undefined:undefined":4,"s:46:4:56:Infinity":17,"s:47:30:47:Infinity":18,"s:48:27:50:Infinity":19,"f:48:38:48:43":4,"s:49:8:49:Infinity":20,"b:49:34:49:55:49:55:49:Infinity":5,"b:51:6:55:Infinity:53:13:55:Infinity":6,"s:51:6:55:Infinity":21,"s:52:8:52:Infinity":22,"s:54:8:54:Infinity":23,"f:62:2:62:9":5,"b:63:4:69:Infinity:undefined:undefined:undefined:undefined":7,"s:63:4:69:Infinity":24,"b:64:6:68:Infinity:66:13:68:Infinity":8,"s:64:6:68:Infinity":25,"s:65:8:65:Infinity":26,"s:67:8:67:Infinity":27,"f:75:2:75:9":6,"s:76:4:76:Infinity":28,"f:82:2:82:9":7,"b:83:4:89:Infinity:undefined:undefined:undefined:undefined":9,"s:83:4:89:Infinity":29,"b:84:6:88:Infinity:86:13:88:Infinity":10,"s:84:6:88:Infinity":30,"s:85:8:85:Infinity":31,"s:87:8:87:Infinity":32,"f:95:2:95:9":8,"b:96:4:102:Infinity:undefined:undefined:undefined:undefined":11,"s:96:4:102:Infinity":33,"b:97:6:101:Infinity:99:13:101:Infinity":12,"s:97:6:101:Infinity":34,"s:98:8:98:Infinity":35,"s:100:8:100:Infinity":36,"f:108:2:108:9":9,"s:109:4:109:Infinity":37,"f:115:2:115:9":10,"b:116:4:122:Infinity:undefined:undefined:undefined:undefined":13,"s:116:4:122:Infinity":38,"b:117:6:121:Infinity:119:13:121:Infinity":14,"s:117:6:121:Infinity":39,"s:118:8:118:Infinity":40,"s:120:8:120:Infinity":41,"f:128:2:128:9":11,"b:129:4:135:Infinity:undefined:undefined:undefined:undefined":15,"s:129:4:135:Infinity":42,"b:130:6:134:Infinity:132:13:134:Infinity":16,"s:130:6:134:Infinity":43,"s:131:8:131:Infinity":44,"s:133:8:133:Infinity":45,"f:141:2:141:10":12,"b:143:6:146:Infinity:147:6:150:Infinity:151:6:154:Infinity:155:6:158:Infinity:159:6:162:Infinity:163:6:166:Infinity":17,"s:142:4:167:Infinity":46,"s:144:8:144:Infinity":47,"s:145:8:145:Infinity":48,"s:148:8:148:Infinity":49,"s:149:8:149:Infinity":50,"s:152:8:152:Infinity":51,"s:153:8:153:Infinity":52,"s:156:8:156:Infinity":53,"s:157:8:157:Infinity":54,"s:160:8:160:Infinity":55,"s:161:8:161:Infinity":56,"s:165:8:165:Infinity":57,"f:176:9:176:23":13,"s:177:15:177:Infinity":58,"s:180:2:180:Infinity":59,"s:183:2:183:Infinity":60,"s:186:2:186:Infinity":61,"s:189:2:189:Infinity":62,"s:191:2:191:Infinity":63,"s:195:22:195:Infinity":64}}}
}
